Log file open, 02/03/20 23:19:14
LogWindows: Failed to load 'aqProf.dll' (GetLastError=126)
LogWindows: File 'aqProf.dll' does not exist
LogWindows: Failed to load 'VtuneApi.dll' (GetLastError=126)
LogWindows: File 'VtuneApi.dll' does not exist
LogWindows: Failed to load 'VtuneApi32e.dll' (GetLastError=126)
LogWindows: File 'VtuneApi32e.dll' does not exist
LogConsoleResponse: Display: Failed to find resolution value strings in scalability ini. Falling back to default.
LogInit: Display: Running engine for game: Malikca
LogPakFile: Registered encryption key '00000000000000000000000000000000': 0 pak files mounted, 0 remain pending
LogPlatformFile: Not using cached read wrapper
LogTaskGraph: Started task graph with 5 named threads and 14 total threads with 3 sets of task threads.
LogStats: Stats thread started at 0.262859
LogD3D11RHI: Loaded GFSDK_Aftermath_Lib.x64.dll
LogICUInternationalization: ICU TimeZone Detection - Raw Offset: -5:00, Platform Override: ''
LogPluginManager: Mounting plugin Paper2D
LogPluginManager: Mounting plugin AISupport
LogPluginManager: Mounting plugin LightPropagationVolume
LogPluginManager: Mounting plugin ActorLayerUtilities
LogPluginManager: Mounting plugin AnimationSharing
LogPluginManager: Mounting plugin CLionSourceCodeAccess
LogPluginManager: Mounting plugin CodeLiteSourceCodeAccess
LogPluginManager: Mounting plugin GitSourceControl
LogPluginManager: Mounting plugin KDevelopSourceCodeAccess
LogPluginManager: Mounting plugin NullSourceCodeAccess
LogPluginManager: Mounting plugin PerforceSourceControl
LogPluginManager: Mounting plugin SubversionSourceControl
LogPluginManager: Mounting plugin UObjectPlugin
LogPluginManager: Mounting plugin VisualStudioCodeSourceCodeAccess
LogPluginManager: Mounting plugin VisualStudioSourceCodeAccess
LogPluginManager: Mounting plugin XCodeSourceCodeAccess
LogPluginManager: Mounting plugin AssetManagerEditor
LogPluginManager: Mounting plugin CryptoKeys
LogPluginManager: Mounting plugin DataValidation
LogPluginManager: Mounting plugin FacialAnimation
LogPluginManager: Mounting plugin GameplayTagsEditor
LogPluginManager: Mounting plugin MacGraphicsSwitching
LogPluginManager: Mounting plugin MaterialAnalyzer
LogPluginManager: Mounting plugin MobileLauncherProfileWizard
LogPluginManager: Mounting plugin PluginBrowser
LogPluginManager: Mounting plugin SpeedTreeImporter
LogPluginManager: Mounting plugin DatasmithContent
LogPluginManager: Mounting plugin VariantManagerContent
LogPluginManager: Mounting plugin AlembicImporter
LogPluginManager: Mounting plugin AppleImageUtils
LogPluginManager: Mounting plugin AppleVision
LogPluginManager: Mounting plugin BackChannel
LogPluginManager: Mounting plugin CharacterAI
LogPluginManager: Mounting plugin GeometryCache
LogPluginManager: Mounting plugin HTML5Networking
LogPluginManager: Mounting plugin ProxyLODPlugin
LogPluginManager: Mounting plugin SkeletalReduction
LogPluginManager: Mounting plugin MagicLeap
LogPluginManager: Mounting plugin MagicLeapMedia
LogPluginManager: Mounting plugin AndroidMedia
LogPluginManager: Mounting plugin AvfMedia
LogPluginManager: Mounting plugin ImgMedia
LogPluginManager: Mounting plugin LinearTimecode
LogPluginManager: Mounting plugin MediaCompositing
LogPluginManager: Mounting plugin MediaPlayerEditor
LogPluginManager: Mounting plugin WebMMedia
LogPluginManager: Mounting plugin WmfMedia
LogPluginManager: Mounting plugin TcpMessaging
LogPluginManager: Mounting plugin UdpMessaging
LogPluginManager: Mounting plugin ActorSequence
LogPluginManager: Mounting plugin LevelSequenceEditor
LogPluginManager: Mounting plugin MatineeToLevelSequence
LogPluginManager: Mounting plugin NetcodeUnitTest
LogPluginManager: Mounting plugin NUTUnrealEngine4
LogPluginManager: Mounting plugin OnlineSubsystemGooglePlay
LogPluginManager: Mounting plugin OnlineSubsystemIOS
LogPluginManager: Mounting plugin OnlineSubsystem
LogPluginManager: Mounting plugin OnlineSubsystemNull
LogPluginManager: Mounting plugin OnlineSubsystemUtils
LogPluginManager: Mounting plugin LauncherChunkInstaller
LogPluginManager: Mounting plugin AndroidDeviceProfileSelector
LogPluginManager: Mounting plugin AndroidMoviePlayer
LogPluginManager: Mounting plugin AndroidPermission
LogPluginManager: Mounting plugin AppleMoviePlayer
LogPluginManager: Mounting plugin ArchVisCharacter
LogPluginManager: Mounting plugin AudioCapture
LogPluginManager: Mounting plugin CableComponent
LogPluginManager: Mounting plugin CustomMeshComponent
LogPluginManager: Mounting plugin EditableMesh
LogPluginManager: Mounting plugin ExampleDeviceProfileSelector
LogPluginManager: Mounting plugin Firebase
LogPluginManager: Mounting plugin GoogleCloudMessaging
LogPluginManager: Mounting plugin IOSDeviceProfileSelector
LogPluginManager: Mounting plugin LinuxDeviceProfileSelector
LogPluginManager: Mounting plugin LocationServicesBPLibrary
LogPluginManager: Mounting plugin MobilePatchingUtils
LogPluginManager: Mounting plugin PhysXVehicles
LogPluginManager: Mounting plugin ProceduralMeshComponent
LogPluginManager: Mounting plugin RuntimePhysXCooking
LogPluginManager: Mounting plugin SignificanceManager
LogPluginManager: Mounting plugin WebMMoviePlayer
LogPluginManager: Mounting plugin WindowsMoviePlayer
LogInit: Using libcurl 7.55.1-DEV
LogInit:  - built for x86_64-pc-win32
LogInit:  - supports SSL with OpenSSL/1.1.1
LogInit:  - supports HTTP deflate (compression) using libz 1.2.8
LogInit:  - other features:
LogInit:      CURL_VERSION_SSL
LogInit:      CURL_VERSION_LIBZ
LogInit:      CURL_VERSION_IPV6
LogInit:      CURL_VERSION_ASYNCHDNS
LogInit:      CURL_VERSION_LARGEFILE
LogInit:      CURL_VERSION_IDN
LogInit:  CurlRequestOptions (configurable via config and command line):
LogInit:  - bVerifyPeer = true  - Libcurl will verify peer certificate
LogInit:  - bUseHttpProxy = false  - Libcurl will NOT use HTTP proxy
LogInit:  - bDontReuseConnections = false  - Libcurl will reuse connections
LogInit:  - MaxHostConnections = 16  - Libcurl will limit the number of connections to a host
LogInit:  - LocalHostAddr = Default
LogInit:  - BufferSize = 65536
LogInit: WinSock: version 1.1 (2.2), MaxSocks=32767, MaxUdp=65467
LogInit: Build: ++UE4+Release-4.22-CL-7053642
LogInit: Engine Version: 4.22.3-7053642+++UE4+Release-4.22
LogInit: Compatible Engine Version: 4.22.0-5660361+++UE4+Release-4.22
LogInit: Net CL: 5660361
LogInit: OS: Windows 10 (Release 1809) (), CPU:         Intel(R) Core(TM) i5-2400 CPU @ 3.10GHz, GPU: Intel(R) HD Graphics
LogInit: Compiled (64-bit): Jun 18 2019 03:09:11
LogInit: Compiled with Visual C++: 19.16.27025.01
LogInit: Build Configuration: Development
LogInit: Branch Name: ++UE4+Release-4.22
LogInit: Command Line: 
LogInit: Base Directory: D:/Program Files/Epic Games/UE_4.22/Engine/Binaries/Win64/
LogInit: Installed Engine Build: 1
LogDevObjectVersion: Number of dev versions registered: 23
LogDevObjectVersion:   Dev-Blueprints (B0D832E4-1F89-4F0D-ACCF-7EB736FD4AA2): 10
LogDevObjectVersion:   Dev-Build (E1C64328-A22C-4D53-A36C-8E866417BD8C): 0
LogDevObjectVersion:   Dev-Core (375EC13C-06E4-48FB-B500-84F0262A717E): 3
LogDevObjectVersion:   Dev-Editor (E4B068ED-F494-42E9-A231-DA0B2E46BB41): 30
LogDevObjectVersion:   Dev-Framework (CFFC743F-43B0-4480-9391-14DF171D2073): 35
LogDevObjectVersion:   Dev-Mobile (B02B49B5-BB20-44E9-A304-32B752E40360): 2
LogDevObjectVersion:   Dev-Networking (A4E4105C-59A1-49B5-A7C5-40C4547EDFEE): 0
LogDevObjectVersion:   Dev-Online (39C831C9-5AE6-47DC-9A44-9C173E1C8E7C): 0
LogDevObjectVersion:   Dev-Physics (78F01B33-EBEA-4F98-B9B4-84EACCB95AA2): 0
LogDevObjectVersion:   Dev-Platform (6631380F-2D4D-43E0-8009-CF276956A95A): 0
LogDevObjectVersion:   Dev-Rendering (12F88B9F-8875-4AFC-A67C-D90C383ABD29): 28
LogDevObjectVersion:   Dev-Sequencer (7B5AE74C-D270-4C10-A958-57980B212A5A): 11
LogDevObjectVersion:   Dev-VR (D7296918-1DD6-4BDD-9DE2-64A83CC13884): 2
LogDevObjectVersion:   Dev-LoadTimes (C2A15278-BFE7-4AFE-6C17-90FF531DF755): 1
LogDevObjectVersion:   Private-Geometry (6EACA3D4-40EC-4CC1-B786-8BED09428FC5): 3
LogDevObjectVersion:   Dev-AnimPhys (29E575DD-E0A3-4627-9D10-D276232CDCEA): 17
LogDevObjectVersion:   Dev-Anim (AF43A65D-7FD3-4947-9873-3E8ED9C1BB05): 2
LogDevObjectVersion:   Dev-ReflectionCapture (6B266CEC-1EC7-4B8F-A30B-E4D90942FC07): 1
LogDevObjectVersion:   Dev-Automation (0DF73D61-A23F-47EA-B727-89E90C41499A): 1
LogDevObjectVersion:   FortniteMain (601D1886-AC64-4F84-AA16-D3DE0DEAC7D6): 25
LogDevObjectVersion:   Dev-Enterprise (9DFFBCD6-494F-0158-E221-12823C92A888): 6
LogDevObjectVersion:   Dev-Niagara (F2AED0AC-9AFE-416F-8664-AA7FFA26D6FC): 1
LogDevObjectVersion:   Dev-Destruction (174F1F0B-B4C6-45A5-B13F-2EE8D0FB917D): 2
LogInit: Presizing for max 16777216 objects, including 0 objects not considered by GC, pre-allocating 0 bytes for permanent pool.
LogInit: Object subsystem initialized
LogConfig: Setting CVar [[con.DebugEarlyDefault:1]]
LogConfig: Setting CVar [[r.setres:1280x720]]
[2020.02.04-04.19.15:548][  0]LogConfig: Setting CVar [[r.VSync:0]]
[2020.02.04-04.19.15:548][  0]LogConfig: Setting CVar [[r.RHICmdBypass:0]]
[2020.02.04-04.19.15:548][  0]LogConfig: Applying CVar settings from Section [/Script/Engine.RendererSettings] File [D:/Users/Anthony Brown/Documents/Github/CIT-490-Capstone/Malikca/Saved/Config/Windows/Engine.ini]
[2020.02.04-04.19.15:548][  0]LogConfig: Setting CVar [[r.GPUCrashDebugging:0]]
[2020.02.04-04.19.15:548][  0]LogConfig: Applying CVar settings from Section [/Script/Engine.RendererOverrideSettings] File [D:/Users/Anthony Brown/Documents/Github/CIT-490-Capstone/Malikca/Saved/Config/Windows/Engine.ini]
[2020.02.04-04.19.15:548][  0]LogConfig: Applying CVar settings from Section [/Script/Engine.StreamingSettings] File [D:/Users/Anthony Brown/Documents/Github/CIT-490-Capstone/Malikca/Saved/Config/Windows/Engine.ini]
[2020.02.04-04.19.15:548][  0]LogConfig: Setting CVar [[s.MinBulkDataSizeForAsyncLoading:131072]]
[2020.02.04-04.19.15:548][  0]LogConfig: Setting CVar [[s.AsyncLoadingThreadEnabled:0]]
[2020.02.04-04.19.15:548][  0]LogConfig: Setting CVar [[s.EventDrivenLoaderEnabled:1]]
[2020.02.04-04.19.15:548][  0]LogConfig: Setting CVar [[s.WarnIfTimeLimitExceeded:0]]
[2020.02.04-04.19.15:548][  0]LogConfig: Setting CVar [[s.TimeLimitExceededMultiplier:1.5]]
[2020.02.04-04.19.15:548][  0]LogConfig: Setting CVar [[s.TimeLimitExceededMinTime:0.005]]
[2020.02.04-04.19.15:548][  0]LogConfig: Setting CVar [[s.UseBackgroundLevelStreaming:1]]
[2020.02.04-04.19.15:548][  0]LogConfig: Setting CVar [[s.PriorityAsyncLoadingExtraTime:15.0]]
[2020.02.04-04.19.15:548][  0]LogConfig: Setting CVar [[s.LevelStreamingActorsUpdateTimeLimit:5.0]]
[2020.02.04-04.19.15:548][  0]LogConfig: Setting CVar [[s.PriorityLevelStreamingActorsUpdateExtraTime:5.0]]
[2020.02.04-04.19.15:548][  0]LogConfig: Setting CVar [[s.LevelStreamingComponentsRegistrationGranularity:10]]
[2020.02.04-04.19.15:548][  0]LogConfig: Setting CVar [[s.UnregisterComponentsTimeLimit:1.0]]
[2020.02.04-04.19.15:548][  0]LogConfig: Setting CVar [[s.LevelStreamingComponentsUnregistrationGranularity:5]]
[2020.02.04-04.19.15:548][  0]LogConfig: Applying CVar settings from Section [/Script/Engine.GarbageCollectionSettings] File [D:/Users/Anthony Brown/Documents/Github/CIT-490-Capstone/Malikca/Saved/Config/Windows/Engine.ini]
[2020.02.04-04.19.15:548][  0]LogConfig: Setting CVar [[gc.MaxObjectsNotConsideredByGC:1]]
[2020.02.04-04.19.15:548][  0]LogConfig: Setting CVar [[gc.SizeOfPermanentObjectPool:0]]
[2020.02.04-04.19.15:548][  0]LogConfig: Setting CVar [[gc.FlushStreamingOnGC:0]]
[2020.02.04-04.19.15:548][  0]LogConfig: Setting CVar [[gc.NumRetriesBeforeForcingGC:10]]
[2020.02.04-04.19.15:548][  0]LogConfig: Setting CVar [[gc.AllowParallelGC:1]]
[2020.02.04-04.19.15:548][  0]LogConfig: Setting CVar [[gc.TimeBetweenPurgingPendingKillObjects:61.1]]
[2020.02.04-04.19.15:548][  0]LogConfig: Setting CVar [[gc.MaxObjectsInEditor:16777216]]
[2020.02.04-04.19.15:548][  0]LogConfig: Setting CVar [[gc.IncrementalBeginDestroyEnabled:1]]
[2020.02.04-04.19.15:548][  0]LogConfig: Setting CVar [[gc.CreateGCClusters:1]]
[2020.02.04-04.19.15:548][  0]LogConfig: Setting CVar [[gc.MinGCClusterSize:5]]
[2020.02.04-04.19.15:548][  0]LogConfig: Setting CVar [[gc.ActorClusteringEnabled:0]]
[2020.02.04-04.19.15:548][  0]LogConfig: Setting CVar [[gc.BlueprintClusteringEnabled:0]]
[2020.02.04-04.19.15:548][  0]LogConfig: Setting CVar [[gc.UseDisregardForGCOnDedicatedServers:0]]
[2020.02.04-04.19.15:549][  0]LogConfig: Applying CVar settings from Section [/Script/Engine.NetworkSettings] File [D:/Users/Anthony Brown/Documents/Github/CIT-490-Capstone/Malikca/Saved/Config/Windows/Engine.ini]
[2020.02.04-04.19.15:549][  0]LogConfig: Applying CVar settings from Section [/Script/UnrealEd.CookerSettings] File [D:/Users/Anthony Brown/Documents/Github/CIT-490-Capstone/Malikca/Saved/Config/Windows/Engine.ini]
[2020.02.04-04.19.15:555][  0]LogConfig: Applying CVar settings from Section [ViewDistanceQuality@3] File [D:/Users/Anthony Brown/Documents/Github/CIT-490-Capstone/Malikca/Saved/Config/Windows/Scalability.ini]
[2020.02.04-04.19.15:555][  0]LogConfig: Setting CVar [[r.SkeletalMeshLODBias:0]]
[2020.02.04-04.19.15:555][  0]LogConfig: Setting CVar [[r.ViewDistanceScale:1.0]]
[2020.02.04-04.19.15:555][  0]LogConfig: Applying CVar settings from Section [AntiAliasingQuality@3] File [D:/Users/Anthony Brown/Documents/Github/CIT-490-Capstone/Malikca/Saved/Config/Windows/Scalability.ini]
[2020.02.04-04.19.15:555][  0]LogConfig: Setting CVar [[r.PostProcessAAQuality:4]]
[2020.02.04-04.19.15:555][  0]LogConfig: Applying CVar settings from Section [ShadowQuality@3] File [D:/Users/Anthony Brown/Documents/Github/CIT-490-Capstone/Malikca/Saved/Config/Windows/Scalability.ini]
[2020.02.04-04.19.15:555][  0]LogConfig: Setting CVar [[r.LightFunctionQuality:1]]
[2020.02.04-04.19.15:555][  0]LogConfig: Setting CVar [[r.ShadowQuality:5]]
[2020.02.04-04.19.15:555][  0]LogConfig: Setting CVar [[r.Shadow.CSM.MaxCascades:10]]
[2020.02.04-04.19.15:555][  0]LogConfig: Setting CVar [[r.Shadow.MaxResolution:2048]]
[2020.02.04-04.19.15:555][  0]LogConfig: Setting CVar [[r.Shadow.MaxCSMResolution:2048]]
[2020.02.04-04.19.15:555][  0]LogConfig: Setting CVar [[r.Shadow.RadiusThreshold:0.01]]
[2020.02.04-04.19.15:555][  0]LogConfig: Setting CVar [[r.Shadow.DistanceScale:1.0]]
[2020.02.04-04.19.15:555][  0]LogConfig: Setting CVar [[r.Shadow.CSM.TransitionScale:1.0]]
[2020.02.04-04.19.15:555][  0]LogConfig: Setting CVar [[r.Shadow.PreShadowResolutionFactor:1.0]]
[2020.02.04-04.19.15:555][  0]LogConfig: Setting CVar [[r.DistanceFieldShadowing:1]]
[2020.02.04-04.19.15:555][  0]LogConfig: Setting CVar [[r.DistanceFieldAO:1]]
[2020.02.04-04.19.15:555][  0]LogConfig: Setting CVar [[r.AOQuality:2]]
[2020.02.04-04.19.15:555][  0]LogConfig: Setting CVar [[r.VolumetricFog:1]]
[2020.02.04-04.19.15:555][  0]LogConfig: Setting CVar [[r.VolumetricFog.GridPixelSize:8]]
[2020.02.04-04.19.15:555][  0]LogConfig: Setting CVar [[r.VolumetricFog.GridSizeZ:128]]
[2020.02.04-04.19.15:555][  0]LogConfig: Setting CVar [[r.VolumetricFog.HistoryMissSupersampleCount:4]]
[2020.02.04-04.19.15:555][  0]LogConfig: Setting CVar [[r.LightMaxDrawDistanceScale:1]]
[2020.02.04-04.19.15:555][  0]LogConfig: Setting CVar [[r.CapsuleShadows:1]]
[2020.02.04-04.19.15:555][  0]LogConfig: Applying CVar settings from Section [PostProcessQuality@3] File [D:/Users/Anthony Brown/Documents/Github/CIT-490-Capstone/Malikca/Saved/Config/Windows/Scalability.ini]
[2020.02.04-04.19.15:555][  0]LogConfig: Setting CVar [[r.MotionBlurQuality:4]]
[2020.02.04-04.19.15:555][  0]LogConfig: Setting CVar [[r.AmbientOcclusionMipLevelFactor:0.4]]
[2020.02.04-04.19.15:555][  0]LogConfig: Setting CVar [[r.AmbientOcclusionMaxQuality:100]]
[2020.02.04-04.19.15:555][  0]LogConfig: Setting CVar [[r.AmbientOcclusionLevels:-1]]
[2020.02.04-04.19.15:555][  0]LogConfig: Setting CVar [[r.AmbientOcclusionRadiusScale:1.0]]
[2020.02.04-04.19.15:555][  0]LogConfig: Setting CVar [[r.DepthOfFieldQuality:2]]
[2020.02.04-04.19.15:555][  0]LogConfig: Setting CVar [[r.RenderTargetPoolMin:400]]
[2020.02.04-04.19.15:555][  0]LogConfig: Setting CVar [[r.LensFlareQuality:2]]
[2020.02.04-04.19.15:555][  0]LogConfig: Setting CVar [[r.SceneColorFringeQuality:1]]
[2020.02.04-04.19.15:555][  0]LogConfig: Setting CVar [[r.EyeAdaptationQuality:2]]
[2020.02.04-04.19.15:555][  0]LogConfig: Setting CVar [[r.BloomQuality:5]]
[2020.02.04-04.19.15:555][  0]LogConfig: Setting CVar [[r.FastBlurThreshold:100]]
[2020.02.04-04.19.15:555][  0]LogConfig: Setting CVar [[r.Upscale.Quality:3]]
[2020.02.04-04.19.15:555][  0]LogConfig: Setting CVar [[r.Tonemapper.GrainQuantization:1]]
[2020.02.04-04.19.15:555][  0]LogConfig: Setting CVar [[r.LightShaftQuality:1]]
[2020.02.04-04.19.15:555][  0]LogConfig: Setting CVar [[r.Filter.SizeScale:1]]
[2020.02.04-04.19.15:555][  0]LogConfig: Setting CVar [[r.Tonemapper.Quality:5]]
[2020.02.04-04.19.15:555][  0]LogConfig: Setting CVar [[r.DOF.Gather.AccumulatorQuality:1        ; higher gathering accumulator quality]]
[2020.02.04-04.19.15:555][  0]LogConfig: Setting CVar [[r.DOF.Gather.PostfilterMethod:1          ; Median3x3 postfilering method]]
[2020.02.04-04.19.15:555][  0]LogConfig: Setting CVar [[r.DOF.Gather.EnableBokehSettings:0       ; no bokeh simulation when gathering]]
[2020.02.04-04.19.15:556][  0]LogConfig: Setting CVar [[r.DOF.Gather.RingCount:4                 ; medium number of samples when gathering]]
[2020.02.04-04.19.15:556][  0]LogConfig: Setting CVar [[r.DOF.Scatter.ForegroundCompositing:1    ; additive foreground scattering]]
[2020.02.04-04.19.15:556][  0]LogConfig: Setting CVar [[r.DOF.Scatter.BackgroundCompositing:2    ; additive background scattering]]
[2020.02.04-04.19.15:556][  0]LogConfig: Setting CVar [[r.DOF.Scatter.EnableBokehSettings:1      ; bokeh simulation when scattering]]
[2020.02.04-04.19.15:556][  0]LogConfig: Setting CVar [[r.DOF.Scatter.MaxSpriteRatio:0.1         ; only a maximum of 10% of scattered bokeh]]
[2020.02.04-04.19.15:556][  0]LogConfig: Setting CVar [[r.DOF.Recombine.Quality:1                ; cheap slight out of focus]]
[2020.02.04-04.19.15:556][  0]LogConfig: Setting CVar [[r.DOF.Recombine.EnableBokehSettings:0    ; no bokeh simulation on slight out of focus]]
[2020.02.04-04.19.15:556][  0]LogConfig: Setting CVar [[r.DOF.TemporalAAQuality:1                ; more stable temporal accumulation]]
[2020.02.04-04.19.15:556][  0]LogConfig: Setting CVar [[r.DOF.Kernel.MaxForegroundRadius:0.025]]
[2020.02.04-04.19.15:556][  0]LogConfig: Setting CVar [[r.DOF.Kernel.MaxBackgroundRadius:0.025]]
[2020.02.04-04.19.15:556][  0]LogConfig: Applying CVar settings from Section [TextureQuality@3] File [D:/Users/Anthony Brown/Documents/Github/CIT-490-Capstone/Malikca/Saved/Config/Windows/Scalability.ini]
[2020.02.04-04.19.15:556][  0]LogConfig: Setting CVar [[r.Streaming.MipBias:0]]
[2020.02.04-04.19.15:556][  0]LogConfig: Setting CVar [[r.Streaming.AmortizeCPUToGPUCopy:0]]
[2020.02.04-04.19.15:556][  0]LogConfig: Setting CVar [[r.Streaming.MaxNumTexturesToStreamPerFrame:0]]
[2020.02.04-04.19.15:556][  0]LogConfig: Setting CVar [[r.Streaming.Boost:1]]
[2020.02.04-04.19.15:556][  0]LogConfig: Setting CVar [[r.MaxAnisotropy:8]]
[2020.02.04-04.19.15:556][  0]LogConfig: Setting CVar [[r.Streaming.LimitPoolSizeToVRAM:0]]
[2020.02.04-04.19.15:556][  0]LogConfig: Setting CVar [[r.Streaming.PoolSize:1000]]
[2020.02.04-04.19.15:556][  0]LogConfig: Setting CVar [[r.Streaming.MaxEffectiveScreenSize:0]]
[2020.02.04-04.19.15:556][  0]LogConfig: Applying CVar settings from Section [EffectsQuality@3] File [D:/Users/Anthony Brown/Documents/Github/CIT-490-Capstone/Malikca/Saved/Config/Windows/Scalability.ini]
[2020.02.04-04.19.15:556][  0]LogConfig: Setting CVar [[r.TranslucencyLightingVolumeDim:64]]
[2020.02.04-04.19.15:556][  0]LogConfig: Setting CVar [[r.RefractionQuality:2]]
[2020.02.04-04.19.15:556][  0]LogConfig: Setting CVar [[r.SSR.Quality:3]]
[2020.02.04-04.19.15:556][  0]LogConfig: Setting CVar [[r.SceneColorFormat:4]]
[2020.02.04-04.19.15:556][  0]LogConfig: Setting CVar [[r.DetailMode:2]]
[2020.02.04-04.19.15:556][  0]LogConfig: Setting CVar [[r.TranslucencyVolumeBlur:1]]
[2020.02.04-04.19.15:556][  0]LogConfig: Setting CVar [[r.MaterialQualityLevel:1 ; High quality]]
[2020.02.04-04.19.15:556][  0]LogConfig: Setting CVar [[r.SSS.Scale:1]]
[2020.02.04-04.19.15:556][  0]LogConfig: Setting CVar [[r.SSS.SampleSet:2]]
[2020.02.04-04.19.15:556][  0]LogConfig: Setting CVar [[r.SSS.Quality:1]]
[2020.02.04-04.19.15:556][  0]LogConfig: Setting CVar [[r.SSS.HalfRes:1]]
[2020.02.04-04.19.15:556][  0]LogConfig: Setting CVar [[r.EmitterSpawnRateScale:1.0]]
[2020.02.04-04.19.15:556][  0]LogConfig: Setting CVar [[r.ParticleLightQuality:2]]
[2020.02.04-04.19.15:556][  0]LogConfig: Applying CVar settings from Section [FoliageQuality@3] File [D:/Users/Anthony Brown/Documents/Github/CIT-490-Capstone/Malikca/Saved/Config/Windows/Scalability.ini]
[2020.02.04-04.19.15:556][  0]LogConfig: Setting CVar [[foliage.DensityScale:1.0]]
[2020.02.04-04.19.15:556][  0]LogConfig: Setting CVar [[grass.DensityScale:1.0]]
[2020.02.04-04.19.15:556][  0]LogInit: Selected Device Profile: [Windows]
[2020.02.04-04.19.15:556][  0]LogInit: Applying CVar settings loaded from the selected device profile: [Windows]
[2020.02.04-04.19.15:587][  0]LogHAL: Display: Platform has ~ 16 GB [17081856000 / 17179869184 / 16], which maps to Larger [LargestMinGB=32, LargerMinGB=12, DefaultMinGB=8, SmallerMinGB=6, SmallestMinGB=0)
[2020.02.04-04.19.15:588][  0]LogConfig: Setting CVar [[r.Vulkan.UseRealUBs:0		; Required until we fix HLR fall-out]]
[2020.02.04-04.19.15:588][  0]LogInit: Going up to parent DeviceProfile []
[2020.02.04-04.19.15:588][  0]LogConfig: Applying CVar settings from Section [ViewDistanceQuality@3] File [D:/Users/Anthony Brown/Documents/Github/CIT-490-Capstone/Malikca/Saved/Config/Windows/Scalability.ini]
[2020.02.04-04.19.15:588][  0]LogConfig: Setting CVar [[r.SkeletalMeshLODBias:0]]
[2020.02.04-04.19.15:588][  0]LogConfig: Setting CVar [[r.ViewDistanceScale:1.0]]
[2020.02.04-04.19.15:588][  0]LogConfig: Applying CVar settings from Section [AntiAliasingQuality@3] File [D:/Users/Anthony Brown/Documents/Github/CIT-490-Capstone/Malikca/Saved/Config/Windows/Scalability.ini]
[2020.02.04-04.19.15:588][  0]LogConfig: Setting CVar [[r.PostProcessAAQuality:4]]
[2020.02.04-04.19.15:588][  0]LogConfig: Applying CVar settings from Section [ShadowQuality@3] File [D:/Users/Anthony Brown/Documents/Github/CIT-490-Capstone/Malikca/Saved/Config/Windows/Scalability.ini]
[2020.02.04-04.19.15:588][  0]LogConfig: Setting CVar [[r.LightFunctionQuality:1]]
[2020.02.04-04.19.15:588][  0]LogConfig: Setting CVar [[r.ShadowQuality:5]]
[2020.02.04-04.19.15:588][  0]LogConfig: Setting CVar [[r.Shadow.CSM.MaxCascades:10]]
[2020.02.04-04.19.15:588][  0]LogConfig: Setting CVar [[r.Shadow.MaxResolution:2048]]
[2020.02.04-04.19.15:588][  0]LogConfig: Setting CVar [[r.Shadow.MaxCSMResolution:2048]]
[2020.02.04-04.19.15:588][  0]LogConfig: Setting CVar [[r.Shadow.RadiusThreshold:0.01]]
[2020.02.04-04.19.15:588][  0]LogConfig: Setting CVar [[r.Shadow.DistanceScale:1.0]]
[2020.02.04-04.19.15:588][  0]LogConfig: Setting CVar [[r.Shadow.CSM.TransitionScale:1.0]]
[2020.02.04-04.19.15:588][  0]LogConfig: Setting CVar [[r.Shadow.PreShadowResolutionFactor:1.0]]
[2020.02.04-04.19.15:588][  0]LogConfig: Setting CVar [[r.DistanceFieldShadowing:1]]
[2020.02.04-04.19.15:588][  0]LogConfig: Setting CVar [[r.DistanceFieldAO:1]]
[2020.02.04-04.19.15:588][  0]LogConfig: Setting CVar [[r.AOQuality:2]]
[2020.02.04-04.19.15:588][  0]LogConfig: Setting CVar [[r.VolumetricFog:1]]
[2020.02.04-04.19.15:588][  0]LogConfig: Setting CVar [[r.VolumetricFog.GridPixelSize:8]]
[2020.02.04-04.19.15:588][  0]LogConfig: Setting CVar [[r.VolumetricFog.GridSizeZ:128]]
[2020.02.04-04.19.15:588][  0]LogConfig: Setting CVar [[r.VolumetricFog.HistoryMissSupersampleCount:4]]
[2020.02.04-04.19.15:588][  0]LogConfig: Setting CVar [[r.LightMaxDrawDistanceScale:1]]
[2020.02.04-04.19.15:588][  0]LogConfig: Setting CVar [[r.CapsuleShadows:1]]
[2020.02.04-04.19.15:588][  0]LogConfig: Applying CVar settings from Section [PostProcessQuality@3] File [D:/Users/Anthony Brown/Documents/Github/CIT-490-Capstone/Malikca/Saved/Config/Windows/Scalability.ini]
[2020.02.04-04.19.15:588][  0]LogConfig: Setting CVar [[r.MotionBlurQuality:4]]
[2020.02.04-04.19.15:588][  0]LogConfig: Setting CVar [[r.AmbientOcclusionMipLevelFactor:0.4]]
[2020.02.04-04.19.15:588][  0]LogConfig: Setting CVar [[r.AmbientOcclusionMaxQuality:100]]
[2020.02.04-04.19.15:588][  0]LogConfig: Setting CVar [[r.AmbientOcclusionLevels:-1]]
[2020.02.04-04.19.15:588][  0]LogConfig: Setting CVar [[r.AmbientOcclusionRadiusScale:1.0]]
[2020.02.04-04.19.15:588][  0]LogConfig: Setting CVar [[r.DepthOfFieldQuality:2]]
[2020.02.04-04.19.15:588][  0]LogConfig: Setting CVar [[r.RenderTargetPoolMin:400]]
[2020.02.04-04.19.15:588][  0]LogConfig: Setting CVar [[r.LensFlareQuality:2]]
[2020.02.04-04.19.15:588][  0]LogConfig: Setting CVar [[r.SceneColorFringeQuality:1]]
[2020.02.04-04.19.15:588][  0]LogConfig: Setting CVar [[r.EyeAdaptationQuality:2]]
[2020.02.04-04.19.15:588][  0]LogConfig: Setting CVar [[r.BloomQuality:5]]
[2020.02.04-04.19.15:588][  0]LogConfig: Setting CVar [[r.FastBlurThreshold:100]]
[2020.02.04-04.19.15:588][  0]LogConfig: Setting CVar [[r.Upscale.Quality:3]]
[2020.02.04-04.19.15:588][  0]LogConfig: Setting CVar [[r.Tonemapper.GrainQuantization:1]]
[2020.02.04-04.19.15:588][  0]LogConfig: Setting CVar [[r.LightShaftQuality:1]]
[2020.02.04-04.19.15:588][  0]LogConfig: Setting CVar [[r.Filter.SizeScale:1]]
[2020.02.04-04.19.15:588][  0]LogConfig: Setting CVar [[r.Tonemapper.Quality:5]]
[2020.02.04-04.19.15:588][  0]LogConfig: Setting CVar [[r.DOF.Gather.AccumulatorQuality:1        ; higher gathering accumulator quality]]
[2020.02.04-04.19.15:588][  0]LogConfig: Setting CVar [[r.DOF.Gather.PostfilterMethod:1          ; Median3x3 postfilering method]]
[2020.02.04-04.19.15:588][  0]LogConfig: Setting CVar [[r.DOF.Gather.EnableBokehSettings:0       ; no bokeh simulation when gathering]]
[2020.02.04-04.19.15:588][  0]LogConfig: Setting CVar [[r.DOF.Gather.RingCount:4                 ; medium number of samples when gathering]]
[2020.02.04-04.19.15:588][  0]LogConfig: Setting CVar [[r.DOF.Scatter.ForegroundCompositing:1    ; additive foreground scattering]]
[2020.02.04-04.19.15:588][  0]LogConfig: Setting CVar [[r.DOF.Scatter.BackgroundCompositing:2    ; additive background scattering]]
[2020.02.04-04.19.15:588][  0]LogConfig: Setting CVar [[r.DOF.Scatter.EnableBokehSettings:1      ; bokeh simulation when scattering]]
[2020.02.04-04.19.15:588][  0]LogConfig: Setting CVar [[r.DOF.Scatter.MaxSpriteRatio:0.1         ; only a maximum of 10% of scattered bokeh]]
[2020.02.04-04.19.15:588][  0]LogConfig: Setting CVar [[r.DOF.Recombine.Quality:1                ; cheap slight out of focus]]
[2020.02.04-04.19.15:589][  0]LogConfig: Setting CVar [[r.DOF.Recombine.EnableBokehSettings:0    ; no bokeh simulation on slight out of focus]]
[2020.02.04-04.19.15:589][  0]LogConfig: Setting CVar [[r.DOF.TemporalAAQuality:1                ; more stable temporal accumulation]]
[2020.02.04-04.19.15:589][  0]LogConfig: Setting CVar [[r.DOF.Kernel.MaxForegroundRadius:0.025]]
[2020.02.04-04.19.15:589][  0]LogConfig: Setting CVar [[r.DOF.Kernel.MaxBackgroundRadius:0.025]]
[2020.02.04-04.19.15:589][  0]LogConfig: Applying CVar settings from Section [TextureQuality@3] File [D:/Users/Anthony Brown/Documents/Github/CIT-490-Capstone/Malikca/Saved/Config/Windows/Scalability.ini]
[2020.02.04-04.19.15:589][  0]LogConfig: Setting CVar [[r.Streaming.MipBias:0]]
[2020.02.04-04.19.15:589][  0]LogConfig: Setting CVar [[r.Streaming.AmortizeCPUToGPUCopy:0]]
[2020.02.04-04.19.15:589][  0]LogConfig: Setting CVar [[r.Streaming.MaxNumTexturesToStreamPerFrame:0]]
[2020.02.04-04.19.15:589][  0]LogConfig: Setting CVar [[r.Streaming.Boost:1]]
[2020.02.04-04.19.15:589][  0]LogConfig: Setting CVar [[r.MaxAnisotropy:8]]
[2020.02.04-04.19.15:589][  0]LogConfig: Setting CVar [[r.Streaming.LimitPoolSizeToVRAM:0]]
[2020.02.04-04.19.15:589][  0]LogConfig: Setting CVar [[r.Streaming.PoolSize:1000]]
[2020.02.04-04.19.15:589][  0]LogConfig: Setting CVar [[r.Streaming.MaxEffectiveScreenSize:0]]
[2020.02.04-04.19.15:589][  0]LogConfig: Applying CVar settings from Section [EffectsQuality@3] File [D:/Users/Anthony Brown/Documents/Github/CIT-490-Capstone/Malikca/Saved/Config/Windows/Scalability.ini]
[2020.02.04-04.19.15:589][  0]LogConfig: Setting CVar [[r.TranslucencyLightingVolumeDim:64]]
[2020.02.04-04.19.15:589][  0]LogConfig: Setting CVar [[r.RefractionQuality:2]]
[2020.02.04-04.19.15:589][  0]LogConfig: Setting CVar [[r.SSR.Quality:3]]
[2020.02.04-04.19.15:589][  0]LogConfig: Setting CVar [[r.SceneColorFormat:4]]
[2020.02.04-04.19.15:589][  0]LogConfig: Setting CVar [[r.DetailMode:2]]
[2020.02.04-04.19.15:589][  0]LogConfig: Setting CVar [[r.TranslucencyVolumeBlur:1]]
[2020.02.04-04.19.15:589][  0]LogConfig: Setting CVar [[r.MaterialQualityLevel:1 ; High quality]]
[2020.02.04-04.19.15:589][  0]LogConfig: Setting CVar [[r.SSS.Scale:1]]
[2020.02.04-04.19.15:589][  0]LogConfig: Setting CVar [[r.SSS.SampleSet:2]]
[2020.02.04-04.19.15:589][  0]LogConfig: Setting CVar [[r.SSS.Quality:1]]
[2020.02.04-04.19.15:589][  0]LogConfig: Setting CVar [[r.SSS.HalfRes:1]]
[2020.02.04-04.19.15:589][  0]LogConfig: Setting CVar [[r.EmitterSpawnRateScale:1.0]]
[2020.02.04-04.19.15:589][  0]LogConfig: Setting CVar [[r.ParticleLightQuality:2]]
[2020.02.04-04.19.15:589][  0]LogConfig: Applying CVar settings from Section [FoliageQuality@3] File [D:/Users/Anthony Brown/Documents/Github/CIT-490-Capstone/Malikca/Saved/Config/Windows/Scalability.ini]
[2020.02.04-04.19.15:589][  0]LogConfig: Setting CVar [[foliage.DensityScale:1.0]]
[2020.02.04-04.19.15:589][  0]LogConfig: Setting CVar [[grass.DensityScale:1.0]]
[2020.02.04-04.19.15:589][  0]LogConfig: Applying CVar settings from Section [Startup] File [../../../Engine/Config/ConsoleVariables.ini]
[2020.02.04-04.19.15:596][  0]LogConfig: Setting CVar [[net.UseAdaptiveNetUpdateFrequency:0]]
[2020.02.04-04.19.15:596][  0]LogConfig: Setting CVar [[p.chaos.AllowCreatePhysxBodies:1]]
[2020.02.04-04.19.15:596][  0]LogConfig: Applying CVar settings from Section [ConsoleVariables] File [D:/Users/Anthony Brown/Documents/Github/CIT-490-Capstone/Malikca/Saved/Config/Windows/Engine.ini]
[2020.02.04-04.19.15:596][  0]LogInit: Computer: THE-AFTERMATH
[2020.02.04-04.19.15:596][  0]LogInit: User: User
[2020.02.04-04.19.15:596][  0]LogInit: CPU Page size=4096, Cores=4
[2020.02.04-04.19.15:596][  0]LogInit: High frequency timer resolution =10.000000 MHz
[2020.02.04-04.19.15:597][  0]LogMemory: Memory total: Physical=15.9GB (16GB approx)
[2020.02.04-04.19.15:597][  0]LogMemory: Platform Memory Stats for Windows
[2020.02.04-04.19.15:597][  0]LogMemory: Process Physical Memory: 95.79 MB used, 95.79 MB peak
[2020.02.04-04.19.15:597][  0]LogMemory: Process Virtual Memory: 83.99 MB used, 83.99 MB peak
[2020.02.04-04.19.15:597][  0]LogMemory: Physical Memory: 12837.87 MB used,  3452.66 MB free, 16290.53 MB total
[2020.02.04-04.19.15:597][  0]LogMemory: Virtual Memory: 4637.18 MB used,  134213088.00 MB free, 134217728.00 MB total
[2020.02.04-04.19.15:642][  0]LogInit: Using OS detected language (en-US).
[2020.02.04-04.19.15:642][  0]LogInit: Using OS detected locale (en-US).
[2020.02.04-04.19.15:647][  0]LogTextLocalizationManager: No specific localization for 'en-US' exists, so the 'en' localization will be used.
[2020.02.04-04.19.16:040][  0]LogInit: Setting process to per monitor DPI aware
[2020.02.04-04.19.16:158][  0]LogSlate: New Slate User Created.  User Index 0, Is Virtual User: 0
[2020.02.04-04.19.16:158][  0]LogSlate: Slate User Registered.  User Index 0, Is Virtual User: 0
[2020.02.04-04.19.19:410][  0]LogD3D11RHI: D3D11 adapters:
[2020.02.04-04.19.19:532][  0]LogD3D11RHI:    0. 'NVIDIA GeForce GTX 1050' (Feature Level 11_0)
[2020.02.04-04.19.19:532][  0]LogD3D11RHI:       1977/0/8145 MB DedicatedVideo/DedicatedSystem/SharedSystem, Outputs:1, VendorId:0x10de
[2020.02.04-04.19.19:539][  0]LogD3D11RHI:    1. 'Intel(R) HD Graphics' (Feature Level 10_0)
[2020.02.04-04.19.19:539][  0]LogD3D11RHI:       32/0/1632 MB DedicatedVideo/DedicatedSystem/SharedSystem, Outputs:1, VendorId:0x8086
[2020.02.04-04.19.19:545][  0]LogD3D11RHI:    2. 'Microsoft Basic Render Driver' (Feature Level 11_0)
[2020.02.04-04.19.19:545][  0]LogD3D11RHI:       0/0/8145 MB DedicatedVideo/DedicatedSystem/SharedSystem, Outputs:0, VendorId:0x1414
[2020.02.04-04.19.19:545][  0]LogD3D11RHI: Chosen D3D11 Adapter: 0
[2020.02.04-04.19.19:554][  0]LogD3D11RHI: Creating new Direct3DDevice
[2020.02.04-04.19.19:554][  0]LogD3D11RHI:     GPU DeviceId: 0x1c81 (for the marketing name, search the web for "GPU Device Id")
[2020.02.04-04.19.19:554][  0]LogWindows: EnumDisplayDevices:
[2020.02.04-04.19.19:554][  0]LogWindows:    0. 'Intel(R) HD Graphics' (P:0 D:1)
[2020.02.04-04.19.19:555][  0]LogWindows:    1. 'Intel(R) HD Graphics' (P:0 D:0)
[2020.02.04-04.19.19:555][  0]LogWindows:    2. 'NVIDIA GeForce GTX 1050' (P:1 D:1)
[2020.02.04-04.19.19:555][  0]LogWindows:    3. 'NVIDIA GeForce GTX 1050' (P:0 D:0)
[2020.02.04-04.19.19:556][  0]LogWindows:    4. 'NVIDIA GeForce GTX 1050' (P:0 D:0)
[2020.02.04-04.19.19:556][  0]LogWindows:    5. 'NVIDIA GeForce GTX 1050' (P:0 D:0)
[2020.02.04-04.19.19:556][  0]LogWindows: DebugString: PrimaryIsNotTheChoosenAdapter PrimaryIsNotTheChoosenAdapter FoundDriverCount:4 
[2020.02.04-04.19.19:556][  0]LogD3D11RHI:     Adapter Name: NVIDIA GeForce GTX 1050
[2020.02.04-04.19.19:556][  0]LogD3D11RHI:   Driver Version: 442.19 (internal:26.21.14.4219, unified:442.19)
[2020.02.04-04.19.19:556][  0]LogD3D11RHI:      Driver Date: 1-29-2020
[2020.02.04-04.19.19:556][  0]LogRHI: Texture pool is 1384 MB (70% of 1977 MB)
[2020.02.04-04.19.19:620][  0]LogD3D11RHI: Async texture creation enabled
[2020.02.04-04.19.19:649][  0]LogRendererCore: FGlobalReadBuffer::InitRHI
[2020.02.04-04.19.19:650][  0]LogRendererCore: FGlobalReadBuffer::InitRHI
[2020.02.04-04.19.19:650][  0]LogRendererCore: FGlobalReadBuffer::InitRHI
[2020.02.04-04.19.19:659][  0]LogD3D11RHI: GPU Timing Frequency: 1000.000000 (Debug: 2 1)
[2020.02.04-04.19.20:327][  0]LogTemp: Display: Module 'AllDesktopTargetPlatform' loaded TargetPlatform 'AllDesktop'
[2020.02.04-04.19.20:345][  0]LogTemp: Display: Module 'MacClientTargetPlatform' loaded TargetPlatform 'MacClient'
[2020.02.04-04.19.20:363][  0]LogTemp: Display: Module 'MacNoEditorTargetPlatform' loaded TargetPlatform 'MacNoEditor'
[2020.02.04-04.19.20:382][  0]LogTemp: Display: Module 'MacServerTargetPlatform' loaded TargetPlatform 'MacServer'
[2020.02.04-04.19.20:406][  0]LogTemp: Display: Module 'MacTargetPlatform' loaded TargetPlatform 'Mac'
[2020.02.04-04.19.20:425][  0]LogTemp: Display: Module 'WindowsClientTargetPlatform' loaded TargetPlatform 'WindowsClient'
[2020.02.04-04.19.20:443][  0]LogTemp: Display: Module 'WindowsNoEditorTargetPlatform' loaded TargetPlatform 'WindowsNoEditor'
[2020.02.04-04.19.20:462][  0]LogTemp: Display: Module 'WindowsServerTargetPlatform' loaded TargetPlatform 'WindowsServer'
[2020.02.04-04.19.20:471][  0]LogTemp: Display: Module 'WindowsTargetPlatform' loaded TargetPlatform 'Windows'
[2020.02.04-04.19.20:588][  0]LogTemp: Display: Module 'AndroidTargetPlatform' loaded TargetPlatform 'Android'
[2020.02.04-04.19.20:588][  0]LogTemp: Display: Module 'AndroidTargetPlatform' loaded TargetPlatform 'Android_ASTC'
[2020.02.04-04.19.20:588][  0]LogTemp: Display: Module 'AndroidTargetPlatform' loaded TargetPlatform 'Android_ATC'
[2020.02.04-04.19.20:588][  0]LogTemp: Display: Module 'AndroidTargetPlatform' loaded TargetPlatform 'Android_DXT'
[2020.02.04-04.19.20:588][  0]LogTemp: Display: Module 'AndroidTargetPlatform' loaded TargetPlatform 'Android_ETC1'
[2020.02.04-04.19.20:588][  0]LogTemp: Display: Module 'AndroidTargetPlatform' loaded TargetPlatform 'Android_ETC1a'
[2020.02.04-04.19.20:588][  0]LogTemp: Display: Module 'AndroidTargetPlatform' loaded TargetPlatform 'Android_ETC2'
[2020.02.04-04.19.20:588][  0]LogTemp: Display: Module 'AndroidTargetPlatform' loaded TargetPlatform 'Android_PVRTC'
[2020.02.04-04.19.20:588][  0]LogTemp: Display: Module 'AndroidTargetPlatform' loaded TargetPlatform 'AndroidClient'
[2020.02.04-04.19.20:588][  0]LogTemp: Display: Module 'AndroidTargetPlatform' loaded TargetPlatform 'Android_ASTCClient'
[2020.02.04-04.19.20:588][  0]LogTemp: Display: Module 'AndroidTargetPlatform' loaded TargetPlatform 'Android_ATCClient'
[2020.02.04-04.19.20:588][  0]LogTemp: Display: Module 'AndroidTargetPlatform' loaded TargetPlatform 'Android_DXTClient'
[2020.02.04-04.19.20:588][  0]LogTemp: Display: Module 'AndroidTargetPlatform' loaded TargetPlatform 'Android_ETC1Client'
[2020.02.04-04.19.20:588][  0]LogTemp: Display: Module 'AndroidTargetPlatform' loaded TargetPlatform 'Android_ETC1aClient'
[2020.02.04-04.19.20:588][  0]LogTemp: Display: Module 'AndroidTargetPlatform' loaded TargetPlatform 'Android_ETC2Client'
[2020.02.04-04.19.20:588][  0]LogTemp: Display: Module 'AndroidTargetPlatform' loaded TargetPlatform 'Android_PVRTCClient'
[2020.02.04-04.19.20:588][  0]LogTemp: Display: Module 'AndroidTargetPlatform' loaded TargetPlatform 'Android_Multi'
[2020.02.04-04.19.20:589][  0]LogTemp: Display: Module 'AndroidTargetPlatform' loaded TargetPlatform 'Android_MultiClient'
[2020.02.04-04.19.20:592][  0]LogTemp: Display: Module 'HTML5TargetPlatform' loaded TargetPlatform 'HTML5'
[2020.02.04-04.19.20:662][  0]LogTemp: Display: Module 'IOSTargetPlatform' loaded TargetPlatform 'IOSClient'
[2020.02.04-04.19.20:662][  0]LogTemp: Display: Module 'IOSTargetPlatform' loaded TargetPlatform 'IOS'
[2020.02.04-04.19.20:695][  0]LogTemp: Display: Module 'TVOSTargetPlatform' loaded TargetPlatform 'TVOSClient'
[2020.02.04-04.19.20:695][  0]LogTemp: Display: Module 'TVOSTargetPlatform' loaded TargetPlatform 'TVOS'
[2020.02.04-04.19.20:713][  0]LogTemp: Display: Module 'LinuxClientTargetPlatform' loaded TargetPlatform 'LinuxClient'
[2020.02.04-04.19.20:730][  0]LogTemp: Display: Module 'LinuxNoEditorTargetPlatform' loaded TargetPlatform 'LinuxNoEditor'
[2020.02.04-04.19.20:747][  0]LogTemp: Display: Module 'LinuxServerTargetPlatform' loaded TargetPlatform 'LinuxServer'
[2020.02.04-04.19.20:776][  0]LogTemp: Display: Module 'LinuxTargetPlatform' loaded TargetPlatform 'Linux'
[2020.02.04-04.19.20:846][  0]LogTemp: Display: Module 'LuminTargetPlatform' loaded TargetPlatform 'Lumin'
[2020.02.04-04.19.20:846][  0]LogTemp: Display: Module 'LuminTargetPlatform' loaded TargetPlatform 'LuminClient'
[2020.02.04-04.19.20:846][  0]LogTargetPlatformManager: Display: Building Assets For Windows
[2020.02.04-04.19.20:861][  0]LogAudioDebug: Display: Lib vorbis DLL was dynamically loaded.
[2020.02.04-04.19.20:933][  0]LogShaderCompilers: Guid format shader working directory is -35 characters bigger than the processId version (../../../../../../Users/Anthony Brown/Documents/Github/CIT-490-Capstone/Malikca/Intermediate/Shaders/WorkingDirectory/13192/).
[2020.02.04-04.19.20:934][  0]LogShaderCompilers: Cleaned the shader compiler working directory 'C:/Users/User/AppData/Local/Temp/UnrealShaderWorkingDir/5C0A0A7C4237E6B93730BBB1C7AD048D/'.
[2020.02.04-04.19.20:936][  0]LogXGEController: Cleaning working directory: C:/Users/User/AppData/Local/Temp/UnrealXGEWorkingDir/
[2020.02.04-04.19.20:936][  0]LogXGEController: Cannot use XGE Controller as Incredibuild is not installed on this machine.
[2020.02.04-04.19.20:936][  0]LogShaderCompilers: Cannot use XGE Shader Compiler as Incredibuild is not installed on this machine.
[2020.02.04-04.19.20:936][  0]LogShaderCompilers: Display: Using Local Shader Compiler.
[2020.02.04-04.19.24:147][  0]LogDerivedDataCache: Display: Max Cache Size: 512 MB
[2020.02.04-04.19.24:465][  0]LogDerivedDataCache: Loaded boot cache 0.32s 68MB C:/Users/User/AppData/Local/UnrealEngine/4.22/DerivedDataCache/Boot.ddc.
[2020.02.04-04.19.24:465][  0]LogDerivedDataCache: Display: Loaded Boot cache: C:/Users/User/AppData/Local/UnrealEngine/4.22/DerivedDataCache/Boot.ddc
[2020.02.04-04.19.24:465][  0]LogDerivedDataCache: FDerivedDataBackendGraph:  Pak pak cache file ../../../../../../Users/Anthony Brown/Documents/Github/CIT-490-Capstone/Malikca/DerivedDataCache/DDC.ddp not found, will not use a pak cache.
[2020.02.04-04.19.24:465][  0]LogDerivedDataCache: Unable to find inner node Pak for hierarchical cache Hierarchy.
[2020.02.04-04.19.24:465][  0]LogDerivedDataCache: FDerivedDataBackendGraph:  CompressedPak pak cache file ../../../../../../Users/Anthony Brown/Documents/Github/CIT-490-Capstone/Malikca/DerivedDataCache/Compressed.ddp not found, will not use a pak cache.
[2020.02.04-04.19.24:465][  0]LogDerivedDataCache: Unable to find inner node CompressedPak for hierarchical cache Hierarchy.
[2020.02.04-04.19.24:484][  0]LogDerivedDataCache: Display: Pak cache opened for reading ../../../Engine/DerivedDataCache/Compressed.ddp.
[2020.02.04-04.19.24:484][  0]LogDerivedDataCache: FDerivedDataBackendGraph:  EnterprisePak pak cache file ../../../Enterprise/DerivedDataCache/Compressed.ddp not found, will not use a pak cache.
[2020.02.04-04.19.24:484][  0]LogDerivedDataCache: Unable to find inner node EnterprisePak for hierarchical cache Hierarchy.
[2020.02.04-04.19.24:497][  0]LogDerivedDataCache: Using Local data cache path C:/Users/User/AppData/Local/UnrealEngine/Common/DerivedDataCache: Writable
[2020.02.04-04.19.24:497][  0]LogDerivedDataCache: Shared data cache path not found in *engine.ini, will not use an Shared cache.
[2020.02.04-04.19.24:497][  0]LogDerivedDataCache: Unable to find inner node Shared for hierarchical cache Hierarchy.
[2020.02.04-04.19.24:527][  0]LogMaterial: Verifying Global Shaders for PCD3D_SM5
[2020.02.04-04.19.24:529][  0]LogSlate: Using FreeType 2.6.0
[2020.02.04-04.19.24:554][  0]LogSlate: SlateFontServices - WITH_FREETYPE: 1, WITH_HARFBUZZ: 1
[2020.02.04-04.19.24:915][  0]LogAssetRegistry: FAssetRegistry took 0.0376 seconds to start up
[2020.02.04-04.19.25:435][  0]LogInit: Selected Device Profile: [Windows]
[2020.02.04-04.19.25:526][  0]LogMeshReduction: Using QuadricMeshReduction for automatic static mesh reduction
[2020.02.04-04.19.25:526][  0]LogMeshReduction: Using SimplygonMeshReduction for automatic skeletal mesh reduction
[2020.02.04-04.19.25:526][  0]LogMeshReduction: Using ProxyLODMeshReduction for automatic mesh merging
[2020.02.04-04.19.25:526][  0]LogMeshReduction: No distributed automatic mesh merging module available
[2020.02.04-04.19.25:526][  0]LogMeshMerging: No distributed automatic mesh merging module available
[2020.02.04-04.19.25:654][  0]LogNetVersion: Malikca 1.0.0, NetCL: 5660361, EngineNetVer: 10, GameNetVer: 0 (Checksum: 375086307)
[2020.02.04-04.19.26:221][  0]LogPackageLocalizationCache: Processed 8 localized package path(s) for 1 prioritized culture(s) in 0.048437 seconds
[2020.02.04-04.19.26:229][  0]LogUObjectArray: 41770 objects as part of root set at end of initial load.
[2020.02.04-04.19.26:229][  0]LogUObjectAllocator: 7252984 out of 0 bytes used by permanent object pool.
[2020.02.04-04.19.26:229][  0]LogUObjectArray: CloseDisregardForGC: 0/0 objects in disregard for GC pool
[2020.02.04-04.19.29:828][  0]LogTcpMessaging: Initializing TcpMessaging bridge
[2020.02.04-04.19.29:843][  0]LogUdpMessaging: Initializing bridge on interface 0.0.0.0:0 to multicast group 230.0.0.1:6666.
[2020.02.04-04.19.29:984][  0]SourceControl: Source control is disabled
[2020.02.04-04.19.29:984][  0]SourceControl: Source control is disabled
[2020.02.04-04.19.29:988][  0]SourceControl: Source control is disabled
[2020.02.04-04.19.29:991][  0]SourceControl: Source control is disabled
[2020.02.04-04.19.30:145][  0]LogAndroidPermission: UAndroidPermissionCallbackProxy::GetInstance
[2020.02.04-04.19.30:674][  0]LogEngine: Initializing Engine...
[2020.02.04-04.19.30:677][  0]LogStats: UGameplayTagsManager::InitializeManager -  0.000 s
[2020.02.04-04.19.30:962][  0]LogInit: Initializing FReadOnlyCVARCache
[2020.02.04-04.19.30:983][  0]LogAIModule: Creating AISystem for world Untitled
[2020.02.04-04.19.31:140][  0]LogInit: XAudio2 using 'Headphones (2- Arctis 7 Game)' : 2 channels at 48 kHz using 16 bits per sample (channel mask 0x3)
[2020.02.04-04.19.31:171][  0]LogInit: FAudioDevice initialized.
[2020.02.04-04.19.31:171][  0]LogNetVersion: Set ProjectVersion to 1.0.0.0. Version Checksum will be recalculated on next use.
[2020.02.04-04.19.31:281][  0]LogDerivedDataCache: Saved boot cache 0.11s 68MB C:/Users/User/AppData/Local/UnrealEngine/4.22/DerivedDataCache/Boot.ddc.
[2020.02.04-04.19.31:293][  0]LogInit: Texture streaming: Enabled
[2020.02.04-04.19.31:316][  0]LogEngineSessionManager: EngineSessionManager initialized
[2020.02.04-04.19.31:347][  0]LogInit: Transaction tracking system initialized
[2020.02.04-04.19.31:381][  0]BlueprintLog: New page: Editor Load
[2020.02.04-04.19.31:505][  0]LocalizationService: Localization service is disabled
[2020.02.04-04.19.31:893][  0]LogFileCache: Scanning file cache for directory 'D:/Users/Anthony Brown/Documents/Github/CIT-490-Capstone/Malikca/Content/' took 0.02s
[2020.02.04-04.19.31:893][  0]LogCook: Display: Max memory allowance for cook 16384mb min free memory 0mb
[2020.02.04-04.19.31:893][  0]LogCook: Display: Mobile HDR setting 1
[2020.02.04-04.19.32:209][  0]SourceControl: Source control is disabled
[2020.02.04-04.19.32:209][  0]Cmd: MAP LOAD FILE="../../../../../../Users/Anthony Brown/Documents/Github/CIT-490-Capstone/Malikca/Content/Maps/MainMenu.umap" TEMPLATE=0 SHOWPROGRESS=1 FEATURELEVEL=3
[2020.02.04-04.19.32:217][  0]LightingResults: New page: Lighting Build
[2020.02.04-04.19.32:220][  0]MapCheck: New page: Map Check
[2020.02.04-04.19.32:220][  0]LightingResults: New page: Lighting Build
[2020.02.04-04.19.32:248][  0]LogUObjectHash: Compacting FUObjectHashTables data took   2.44ms
[2020.02.04-04.19.32:283][  0]LogAIModule: Creating AISystem for world MainMenu
[2020.02.04-04.19.32:284][  0]LogEditorServer: Finished looking for orphan Actors (0.000 secs)
[2020.02.04-04.19.32:312][  0]LogUObjectHash: Compacting FUObjectHashTables data took   2.80ms
[2020.02.04-04.19.32:312][  0]Cmd: MAP CHECKDEP NOCLEARLOG
[2020.02.04-04.19.32:312][  0]MapCheck: Map check complete: 0 Error(s), 0 Warning(s), took 0.088ms to complete.
[2020.02.04-04.19.32:312][  0]LogFileHelpers: Loading map 'MainMenu' took 0.103
[2020.02.04-04.19.32:471][  0]LogSlate: Updating window title bar state: overlay mode, drag disabled, window buttons hidden, title bar hidden
[2020.02.04-04.19.32:482][  0]LogSlate: Updating window title bar state: overlay mode, drag disabled, window buttons hidden, title bar hidden
[2020.02.04-04.19.32:492][  0]LogSlate: Updating window title bar state: overlay mode, drag disabled, window buttons hidden, title bar hidden
[2020.02.04-04.19.32:502][  0]LogSlate: Updating window title bar state: overlay mode, drag disabled, window buttons hidden, title bar hidden
[2020.02.04-04.19.32:515][  0]LogCollectionManager: Loaded 0 collections in 0.001407 seconds
[2020.02.04-04.19.32:556][  0]LogFileCache: Scanning file cache for directory 'D:/Users/Anthony Brown/Documents/Github/CIT-490-Capstone/Malikca/Saved/Collections/' took 0.01s
[2020.02.04-04.19.32:556][  0]LogFileCache: Scanning file cache for directory 'D:/Users/Anthony Brown/Documents/Github/CIT-490-Capstone/Malikca/Content/Developers/User/Collections/' took 0.01s
[2020.02.04-04.19.32:556][  0]LogFileCache: Scanning file cache for directory 'D:/Users/Anthony Brown/Documents/Github/CIT-490-Capstone/Malikca/Content/Collections/' took 0.01s
[2020.02.04-04.19.32:556][  0]LogCollectionManager: Rebuilt the GUID cache for 0 collections in 0.000001 seconds
[2020.02.04-04.19.32:567][  0]LogContentBrowser: Native class hierarchy populated in 0.0109 seconds. Added 2718 classes and 645 folders.
[2020.02.04-04.19.32:575][  0]LogContentBrowser: Native class hierarchy updated for 'WidgetCarousel' in 0.0004 seconds. Added 0 classes and 0 folders.
[2020.02.04-04.19.32:586][  0]LogPakFile: Registered encryption key '00000000000000000000000000000000': 0 pak files mounted, 0 remain pending
[2020.02.04-04.19.32:595][  0]LogPakFile: Registered encryption key '00000000000000000000000000000000': 0 pak files mounted, 0 remain pending
[2020.02.04-04.19.32:616][  0]LogPakFile: Registered encryption key '00000000000000000000000000000000': 0 pak files mounted, 0 remain pending
[2020.02.04-04.19.32:625][  0]LogPakFile: Registered encryption key '00000000000000000000000000000000': 0 pak files mounted, 0 remain pending
[2020.02.04-04.19.32:634][  0]LogPakFile: Registered encryption key '00000000000000000000000000000000': 0 pak files mounted, 0 remain pending
[2020.02.04-04.19.32:643][  0]LogPakFile: Registered encryption key '00000000000000000000000000000000': 0 pak files mounted, 0 remain pending
[2020.02.04-04.19.32:651][  0]LogPakFile: Registered encryption key '00000000000000000000000000000000': 0 pak files mounted, 0 remain pending
[2020.02.04-04.19.32:660][  0]LogPakFile: Registered encryption key '00000000000000000000000000000000': 0 pak files mounted, 0 remain pending
[2020.02.04-04.19.32:669][  0]LogPakFile: Registered encryption key '00000000000000000000000000000000': 0 pak files mounted, 0 remain pending
[2020.02.04-04.19.32:679][  0]LogPakFile: Registered encryption key '00000000000000000000000000000000': 0 pak files mounted, 0 remain pending
[2020.02.04-04.19.32:686][  0]LogPakFile: Registered encryption key '00000000000000000000000000000000': 0 pak files mounted, 0 remain pending
[2020.02.04-04.19.32:695][  0]LogPakFile: Registered encryption key '00000000000000000000000000000000': 0 pak files mounted, 0 remain pending
[2020.02.04-04.19.32:703][  0]LogPakFile: Registered encryption key '00000000000000000000000000000000': 0 pak files mounted, 0 remain pending
[2020.02.04-04.19.32:712][  0]LogPakFile: Registered encryption key '00000000000000000000000000000000': 0 pak files mounted, 0 remain pending
[2020.02.04-04.19.32:720][  0]LogPakFile: Registered encryption key '00000000000000000000000000000000': 0 pak files mounted, 0 remain pending
[2020.02.04-04.19.32:729][  0]LogPakFile: Registered encryption key '00000000000000000000000000000000': 0 pak files mounted, 0 remain pending
[2020.02.04-04.19.32:766][  0]LogPakFile: Registered encryption key '00000000000000000000000000000000': 0 pak files mounted, 0 remain pending
[2020.02.04-04.19.32:774][  0]LogPakFile: Registered encryption key '00000000000000000000000000000000': 0 pak files mounted, 0 remain pending
[2020.02.04-04.19.32:782][  0]LogPakFile: Registered encryption key '00000000000000000000000000000000': 0 pak files mounted, 0 remain pending
[2020.02.04-04.19.32:791][  0]LogPakFile: Registered encryption key '00000000000000000000000000000000': 0 pak files mounted, 0 remain pending
[2020.02.04-04.19.32:800][  0]LogPakFile: Registered encryption key '00000000000000000000000000000000': 0 pak files mounted, 0 remain pending
[2020.02.04-04.19.32:809][  0]LogPakFile: Registered encryption key '00000000000000000000000000000000': 0 pak files mounted, 0 remain pending
[2020.02.04-04.19.32:817][  0]LogPakFile: Registered encryption key '00000000000000000000000000000000': 0 pak files mounted, 0 remain pending
[2020.02.04-04.19.32:827][  0]LogPakFile: Registered encryption key '00000000000000000000000000000000': 0 pak files mounted, 0 remain pending
[2020.02.04-04.19.32:836][  0]LogPakFile: Registered encryption key '00000000000000000000000000000000': 0 pak files mounted, 0 remain pending
[2020.02.04-04.19.32:844][  0]LogPakFile: Registered encryption key '00000000000000000000000000000000': 0 pak files mounted, 0 remain pending
[2020.02.04-04.19.33:102][  0]LogContentBrowser: Native class hierarchy updated for 'AddContentDialog' in 0.0004 seconds. Added 0 classes and 0 folders.
[2020.02.04-04.19.33:110][  0]LogContentBrowser: Native class hierarchy updated for 'SceneOutliner' in 0.0005 seconds. Added 1 classes and 2 folders.
[2020.02.04-04.19.33:142][  0]LogSlate: Took 0.008623 seconds to synchronously load lazily loaded font '../../../Engine/Content/Slate/Fonts/Roboto-Regular.ttf' (155K)
[2020.02.04-04.19.33:153][  0]LogSlate: Took 0.008885 seconds to synchronously load lazily loaded font '../../../Engine/Content/Slate/Fonts/Roboto-Bold.ttf' (160K)
[2020.02.04-04.19.33:167][  0]LogSlate: Took 0.008073 seconds to synchronously load lazily loaded font '../../../Engine/Content/Editor/Slate/Fonts/FontAwesome.ttf' (139K)
[2020.02.04-04.19.33:303][  0]LogRenderer: Reallocating scene render targets to support 1020x572 Format 10 NumSamples 1 (Frame:1).
[2020.02.04-04.19.33:474][  0]LogContentBrowser: Native class hierarchy updated for 'HierarchicalLODOutliner' in 0.0004 seconds. Added 0 classes and 0 folders.
[2020.02.04-04.19.33:474][  0]LogLoad: (Engine Initialization) Total time: 24.09 seconds
[2020.02.04-04.19.33:474][  0]LogLoad: (Engine Initialization) Total Blueprint compile time: 0.00 seconds
[2020.02.04-04.19.33:516][  0]LogAssetRegistry: Asset discovery search completed in 8.6239 seconds
[2020.02.04-04.19.33:519][  0]LogCollectionManager: Rebuilt the object cache for 0 collections in 0.000001 seconds (found 0 objects)
[2020.02.04-04.19.33:519][  0]LogCollectionManager: Fixed up redirectors for 0 collections in 0.000061 seconds (updated 0 objects)
[2020.02.04-04.19.33:521][  0]LogContentStreaming: Texture pool size now 1000 MB
[2020.02.04-04.19.33:574][  0]LogSlate: Took 0.007910 seconds to synchronously load lazily loaded font '../../../Engine/Content/Slate/Fonts/Roboto-Light.ttf' (167K)
[2020.02.04-04.19.40:498][804]LogSlate: FSceneViewport::OnFocusLost() reason 0
[2020.02.04-04.19.40:611][817]LogSlate: Took 0.000325 seconds to synchronously load lazily loaded font '../../../Engine/Content/Slate/Fonts/Roboto-Light.ttf' (167K)
[2020.02.04-04.19.40:989][817]LogAIModule: Creating AISystem for world MainHub
[2020.02.04-04.19.41:006][817]LogAssetEditorManager: Opening Asset editor for World /Game/Maps/MainHub.MainHub
[2020.02.04-04.19.41:036][817]LogUObjectHash: Compacting FUObjectHashTables data took   3.04ms
[2020.02.04-04.19.41:038][817]Cmd: MAP LOAD FILE="../../../../../../Users/Anthony Brown/Documents/Github/CIT-490-Capstone/Malikca/Content/Maps/MainHub.umap" TEMPLATE=0 SHOWPROGRESS=1 FEATURELEVEL=3
[2020.02.04-04.19.41:038][817]LightingResults: New page: Lighting Build
[2020.02.04-04.19.41:039][817]LoadErrors: New page: Loading map: MainHub.umap
[2020.02.04-04.19.41:040][817]MapCheck: New page: Map Check
[2020.02.04-04.19.41:040][817]LightingResults: New page: Lighting Build
[2020.02.04-04.19.41:071][817]LogUObjectHash: Compacting FUObjectHashTables data took   2.95ms
[2020.02.04-04.19.41:077][817]LogEditorServer: Finished looking for orphan Actors (0.000 secs)
[2020.02.04-04.19.41:106][817]LogUObjectHash: Compacting FUObjectHashTables data took   2.11ms
[2020.02.04-04.19.41:139][817]Cmd: MAP CHECKDEP NOCLEARLOG
[2020.02.04-04.19.41:139][817]MapCheck: Map check complete: 0 Error(s), 0 Warning(s), took 0.115ms to complete.
[2020.02.04-04.19.41:139][817]LogFileHelpers: Loading map 'MainHub' took 0.102
[2020.02.04-04.19.46:615][410]LogSlate: FSceneViewport::OnFocusLost() reason 0
[2020.02.04-04.19.46:741][422]LogActorFactory: Actor Factory created Cube
[2020.02.04-04.19.47:591][505]LogActorFactory: Actor Factory created Cube
[2020.02.04-04.19.59:026][632]Cmd: EDIT COPY
[2020.02.04-04.19.59:234][653]Cmd: EDIT PASTE
[2020.02.04-04.20.02:566][984]Cmd: EDIT PASTE
[2020.02.04-04.20.16:014][366]LogEditorViewport: Clicking on Actor (CTRL LMB): StaticMeshActor (Cube)
[2020.02.04-04.20.17:368][479]LogEditorViewport: Clicking on Actor (LMB): StaticMeshActor (Cube2)
[2020.02.04-04.20.17:697][506]LogEditorViewport: Clicking on Component (CTRL LMB): StaticMeshComponent (StaticMeshComponent0)
[2020.02.04-04.20.18:920][637]LogEditorViewport: Clicking on Actor (LMB): StaticMeshActor (Cube3)
[2020.02.04-04.20.22:233][974]Cmd: EDIT COPY
[2020.02.04-04.20.22:455][999]Cmd: EDIT PASTE
[2020.02.04-04.20.40:940][853]LogSlate: FSceneViewport::OnFocusLost() reason 0
[2020.02.04-04.20.41:062][862]LogUObjectHash: Compacting FUObjectHashTables data took   1.69ms
[2020.02.04-04.20.41:235][862]LogSavePackage: Moving '../../../../../../Users/Anthony Brown/Documents/Github/CIT-490-Capstone/Malikca/Saved/MainHubCD6F248E4380563F14502DB80676E5CC.tmp' to '../../../../../../Users/Anthony Brown/Documents/Github/CIT-490-Capstone/Malikca/Content/Maps/MainHub.umap'
[2020.02.04-04.20.41:284][862]Cmd: OBJ SAVEPACKAGE PACKAGE="/Game/Maps/MainHub_BuiltData" FILE="../../../../../../Users/Anthony Brown/Documents/Github/CIT-490-Capstone/Malikca/Content/Maps/MainHub_BuiltData.uasset" SILENT=true
[2020.02.04-04.20.42:313][862]LogSavePackage: Moving '../../../../../../Users/Anthony Brown/Documents/Github/CIT-490-Capstone/Malikca/Saved/MainHub_BuiltDataB8949CB1430E0C5B92DF17A5E8FB6C14.tmp' to '../../../../../../Users/Anthony Brown/Documents/Github/CIT-490-Capstone/Malikca/Content/Maps/MainHub_BuiltData.uasset'
[2020.02.04-04.21.26:132][250]LogSlate: FSceneViewport::OnFocusLost() reason 0
[2020.02.04-04.21.26:279][262]LogUObjectHash: Compacting FUObjectHashTables data took   1.91ms
[2020.02.04-04.21.26:435][262]LogSavePackage: Moving '../../../../../../Users/Anthony Brown/Documents/Github/CIT-490-Capstone/Malikca/Saved/MainHubF0245B724DC073BEFEF5FDB6B1014F0B.tmp' to '../../../../../../Users/Anthony Brown/Documents/Github/CIT-490-Capstone/Malikca/Content/Maps/MainHub.umap'
[2020.02.04-04.21.26:475][262]Cmd: OBJ SAVEPACKAGE PACKAGE="/Game/Maps/MainHub_BuiltData" FILE="../../../../../../Users/Anthony Brown/Documents/Github/CIT-490-Capstone/Malikca/Content/Maps/MainHub_BuiltData.uasset" SILENT=true
[2020.02.04-04.21.27:185][262]LogSavePackage: Moving '../../../../../../Users/Anthony Brown/Documents/Github/CIT-490-Capstone/Malikca/Saved/MainHub_BuiltDataEE2BE1F04C4F9EACBF27608E377D4272.tmp' to '../../../../../../Users/Anthony Brown/Documents/Github/CIT-490-Capstone/Malikca/Content/Maps/MainHub_BuiltData.uasset'
[2020.02.04-04.21.31:083][649]LogTemp: Repeating last play command: Selected Viewport
[2020.02.04-04.21.31:104][649]LogBlueprintUserMessages: Early PlayInEditor Detection: Level '/Game/Maps/MainHub.MainHub:PersistentLevel' has LevelScriptBlueprint '/Game/Maps/MainHub.MainHub:PersistentLevel.MainHub' with GeneratedClass '/Game/Maps/MainHub.MainHub_C' with ClassGeneratedBy '/Game/Maps/MainHub.MainHub:PersistentLevel.MainHub'
[2020.02.04-04.21.31:104][649]LogPlayLevel: PlayLevel: No blueprints needed recompiling
[2020.02.04-04.21.31:105][649]PIE: New page: PIE session: MainHub (Feb 3, 2020, 6:21:31 PM)
[2020.02.04-04.21.31:118][649]LogPlayLevel: Creating play world package: /Game/Maps/UEDPIE_0_MainHub
[2020.02.04-04.21.31:135][649]LogPlayLevel: PIE: StaticDuplicateObject took: (0.016474s)
[2020.02.04-04.21.31:135][649]LogAIModule: Creating AISystem for world MainHub
[2020.02.04-04.21.31:136][649]LogPlayLevel: PIE: World Init took: (0.000930s)
[2020.02.04-04.21.31:136][649]LogPlayLevel: PIE: Created PIE world by copying editor world from /Game/Maps/MainHub.MainHub to /Game/Maps/UEDPIE_0_MainHub.MainHub (0.017735s)
[2020.02.04-04.21.31:161][649]LogUObjectHash: Compacting FUObjectHashTables data took   2.35ms
[2020.02.04-04.21.31:313][649]LogInit: XAudio2 using 'Headphones (2- Arctis 7 Game)' : 2 channels at 48 kHz using 16 bits per sample (channel mask 0x3)
[2020.02.04-04.21.31:331][649]LogInit: FAudioDevice initialized.
[2020.02.04-04.21.31:375][649]LogLoad: Game class is 'FirstPersonGameMode_C'
[2020.02.04-04.21.31:378][649]LogWorld: Bringing World /Game/Maps/UEDPIE_0_MainHub.MainHub up for play (max tick rate 0) at 2020.02.03-23.21.31
[2020.02.04-04.21.31:378][649]LogWorld: Bringing up level for play took: 0.001722
[2020.02.04-04.21.31:399][649]LogContentBrowser: Native class hierarchy updated for 'MovieSceneCapture' in 0.0005 seconds. Added 20 classes and 0 folders.
[2020.02.04-04.21.31:400][649]PIE: Play in editor start time for /Game/Maps/UEDPIE_0_MainHub 1.177
[2020.02.04-04.21.31:400][649]LogBlueprintUserMessages: Late PlayInEditor Detection: Level '/Game/Maps/MainHub.MainHub:PersistentLevel' has LevelScriptBlueprint '/Game/Maps/MainHub.MainHub:PersistentLevel.MainHub' with GeneratedClass '/Game/Maps/MainHub.MainHub_C' with ClassGeneratedBy '/Game/Maps/MainHub.MainHub:PersistentLevel.MainHub'
[2020.02.04-04.21.37:322][343]LogSlate: FSceneViewport::OnFocusLost() reason 2
[2020.02.04-04.21.39:082][548]LogBlueprintUserMessages: Early EndPlayMap Detection: Level '/Game/Maps/MainHub.MainHub:PersistentLevel' has LevelScriptBlueprint '/Game/Maps/MainHub.MainHub:PersistentLevel.MainHub' with GeneratedClass '/Game/Maps/MainHub.MainHub_C' with ClassGeneratedBy '/Game/Maps/MainHub.MainHub:PersistentLevel.MainHub'
[2020.02.04-04.21.39:082][548]LogSlate: Updating window title bar state: overlay mode, drag disabled, window buttons hidden, title bar hidden
[2020.02.04-04.21.39:115][548]LogPlayLevel: Display: Shutting down PIE online subsystems
[2020.02.04-04.21.39:116][548]LogBlueprintUserMessages: Late EndPlayMap Detection: Level '/Game/Maps/MainHub.MainHub:PersistentLevel' has LevelScriptBlueprint '/Game/Maps/MainHub.MainHub:PersistentLevel.MainHub' with GeneratedClass '/Game/Maps/MainHub.MainHub_C' with ClassGeneratedBy '/Game/Maps/MainHub.MainHub:PersistentLevel.MainHub'
[2020.02.04-04.21.39:146][548]LogSlate: Updating window title bar state: overlay mode, drag disabled, window buttons hidden, title bar hidden
[2020.02.04-04.21.39:150][548]LogUObjectHash: Compacting FUObjectHashTables data took   2.13ms
[2020.02.04-04.21.39:183][551]LogPlayLevel: Display: Destroying online subsystem :Context_3
[2020.02.04-04.21.45:680][293]LogUObjectHash: Compacting FUObjectHashTables data took   0.72ms
[2020.02.04-04.21.47:084][450]LogUObjectHash: Compacting FUObjectHashTables data took   0.70ms
[2020.02.04-04.21.47:168][450]LogSlate: Window 'Malikca - Unreal Editor' being destroyed
[2020.02.04-04.21.47:169][450]LogWindowsTextInputMethodSystem: Display: IME system now deactivated.
[2020.02.04-04.21.47:414][451]Cmd: QUIT_EDITOR
[2020.02.04-04.21.47:745][451]LogExit: Preparing to exit.
[2020.02.04-04.21.47:989][451]LogExit: Editor shut down
[2020.02.04-04.21.47:989][451]LogExit: Transaction tracking system shut down
[2020.02.04-04.21.48:306][451]LogExit: Object subsystem successfully closed.
[2020.02.04-04.21.48:339][451]LogShaderCompilers: Display: Shaders left to compile 0
[2020.02.04-04.21.48:343][451]LogD3D11RHI: Shutdown
[2020.02.04-04.21.48:343][451]LogD3D11RHI: CleanupD3DDevice
[2020.02.04-04.21.48:344][451]LogRendererCore: FGlobalReadBuffer::ReleaseRHI
[2020.02.04-04.21.48:344][451]LogRendererCore: FGlobalDynamicReadBuffer::Cleanup()
[2020.02.04-04.21.48:344][451]LogRendererCore: FGlobalReadBuffer::ReleaseRHI
[2020.02.04-04.21.48:344][451]LogRendererCore: FGlobalDynamicReadBuffer::Cleanup()
[2020.02.04-04.21.48:344][451]LogRendererCore: FGlobalReadBuffer::ReleaseRHI
[2020.02.04-04.21.48:344][451]LogRendererCore: FGlobalDynamicReadBuffer::Cleanup()
[2020.02.04-04.21.48:344][451]LogD3D11RHI: ~FD3D11DynamicRHI
[2020.02.04-04.21.48:358][451]LogModuleManager: Shutting down and abandoning module MovieSceneCapture (634)
[2020.02.04-04.21.48:358][451]LogModuleManager: Shutting down and abandoning module Voice (632)
[2020.02.04-04.21.48:358][451]LogModuleManager: Shutting down and abandoning module HierarchicalLODOutliner (630)
[2020.02.04-04.21.48:358][451]LogModuleManager: Shutting down and abandoning module SceneOutliner (628)
[2020.02.04-04.21.48:358][451]LogModuleManager: Shutting down and abandoning module AddContentDialog (626)
[2020.02.04-04.21.48:359][451]LogModuleManager: Shutting down and abandoning module WidgetCarousel (625)
[2020.02.04-04.21.48:359][451]LogModuleManager: Shutting down and abandoning module EditorWidgets (622)
[2020.02.04-04.21.48:359][451]LogModuleManager: Shutting down and abandoning module CollectionManager (620)
[2020.02.04-04.21.48:359][451]LogModuleManager: Shutting down and abandoning module StatsViewer (618)
[2020.02.04-04.21.48:359][451]LogModuleManager: Shutting down and abandoning module FoliageEdit (616)
[2020.02.04-04.21.48:359][451]LogModuleManager: Shutting down and abandoning module LandscapeEditor (614)
[2020.02.04-04.21.48:359][451]LogModuleManager: Shutting down and abandoning module MeshPaintMode (612)
[2020.02.04-04.21.48:359][451]LogModuleManager: Shutting down and abandoning module SceneDepthPickerMode (610)
[2020.02.04-04.21.48:359][451]LogModuleManager: Shutting down and abandoning module ActorPickerMode (608)
[2020.02.04-04.21.48:359][451]LogModuleManager: Shutting down and abandoning module GeometryMode (606)
[2020.02.04-04.21.48:359][451]LogModuleManager: Shutting down and abandoning module TextureAlignMode (604)
[2020.02.04-04.21.48:359][451]LogModuleManager: Shutting down and abandoning module BspMode (602)
[2020.02.04-04.21.48:359][451]LogModuleManager: Shutting down and abandoning module PIEPreviewDeviceProfileSelector (600)
[2020.02.04-04.21.48:359][451]LogModuleManager: Shutting down and abandoning module SequenceRecorderSections (598)
[2020.02.04-04.21.48:359][451]LogModuleManager: Shutting down and abandoning module AutomationWorker (596)
[2020.02.04-04.21.48:359][451]LogModuleManager: Shutting down and abandoning module AudioCaptureEditor (594)
[2020.02.04-04.21.48:359][451]LogModuleManager: Shutting down and abandoning module MatineeToLevelSequence (592)
[2020.02.04-04.21.48:360][451]LogModuleManager: Shutting down and abandoning module LevelSequenceEditor (590)
[2020.02.04-04.21.48:360][451]LogModuleManager: Shutting down and abandoning module PlacementMode (589)
[2020.02.04-04.21.48:360][451]LogModuleManager: Shutting down and abandoning module MaterialEditor (588)
[2020.02.04-04.21.48:360][451]LogModuleManager: Shutting down and abandoning module ActorSequenceEditor (584)
[2020.02.04-04.21.48:360][451]LogModuleManager: Shutting down and abandoning module WmfMediaFactory (582)
[2020.02.04-04.21.48:360][451]LogModuleManager: Shutting down and abandoning module WmfMediaEditor (580)
[2020.02.04-04.21.48:360][451]LogModuleManager: Shutting down and abandoning module WebMMediaFactory (578)
[2020.02.04-04.21.48:360][451]LogModuleManager: Shutting down and abandoning module WebMMediaEditor (576)
[2020.02.04-04.21.48:360][451]LogModuleManager: Shutting down and abandoning module WebMMedia (574)
[2020.02.04-04.21.48:360][451]LogModuleManager: Shutting down and abandoning module MediaPlayerEditor (572)
[2020.02.04-04.21.48:360][451]LogModuleManager: Shutting down and abandoning module MediaCompositingEditor (570)
[2020.02.04-04.21.48:360][451]LogModuleManager: Shutting down and abandoning module SequenceRecorder (569)
[2020.02.04-04.21.48:360][451]LogModuleManager: Shutting down and abandoning module OpenExrWrapper (566)
[2020.02.04-04.21.48:360][451]LogModuleManager: Shutting down and abandoning module ImgMediaFactory (564)
[2020.02.04-04.21.48:360][451]LogModuleManager: Shutting down and abandoning module ImgMediaEditor (562)
[2020.02.04-04.21.48:360][451]LogModuleManager: Shutting down and abandoning module AvfMediaFactory (560)
[2020.02.04-04.21.48:360][451]LogModuleManager: Shutting down and abandoning module AvfMediaEditor (558)
[2020.02.04-04.21.48:360][451]LogModuleManager: Shutting down and abandoning module AndroidMediaFactory (556)
[2020.02.04-04.21.48:360][451]LogModuleManager: Shutting down and abandoning module AndroidMediaEditor (554)
[2020.02.04-04.21.48:360][451]LogModuleManager: Shutting down and abandoning module MagicLeapCameraPreviewFactory (552)
[2020.02.04-04.21.48:360][451]LogModuleManager: Shutting down and abandoning module MagicLeapMediaCodecFactory (550)
[2020.02.04-04.21.48:360][451]LogModuleManager: Shutting down and abandoning module MagicLeapMediaFactory (548)
[2020.02.04-04.21.48:360][451]LogModuleManager: Shutting down and abandoning module MagicLeapMediaEditor (546)
[2020.02.04-04.21.48:360][451]LogModuleManager: Shutting down and abandoning module CharacterAI (544)
[2020.02.04-04.21.48:360][451]LogModuleManager: Shutting down and abandoning module SmartSnapping (542)
[2020.02.04-04.21.48:360][451]LogModuleManager: Shutting down and abandoning module SessionServices (540)
[2020.02.04-04.21.48:360][451]LogModuleManager: Shutting down and abandoning module MeshPaint (538)
[2020.02.04-04.21.48:360][451]LogModuleManager: Shutting down and abandoning module ViewportSnapping (536)
[2020.02.04-04.21.48:360][451]LogModuleManager: Shutting down and abandoning module ViewportInteraction (534)
[2020.02.04-04.21.48:360][451]LogModuleManager: Shutting down and abandoning module ClothPainter (532)
[2020.02.04-04.21.48:360][451]LogModuleManager: Shutting down and abandoning module SkeletalMeshEditor (531)
[2020.02.04-04.21.48:360][451]LogModuleManager: Shutting down and abandoning module LogVisualizer (528)
[2020.02.04-04.21.48:360][451]LogModuleManager: Shutting down and abandoning module IntroTutorials (526)
[2020.02.04-04.21.48:360][451]LogModuleManager: Shutting down and abandoning module GameProjectGeneration (525)
[2020.02.04-04.21.48:361][451]LogModuleManager: Shutting down and abandoning module LuminPlatformEditor (522)
[2020.02.04-04.21.48:361][451]LogModuleManager: Shutting down and abandoning module IOSPlatformEditor (520)
[2020.02.04-04.21.48:361][451]LogModuleManager: Shutting down and abandoning module HTML5PlatformEditor (518)
[2020.02.04-04.21.48:361][451]LogModuleManager: Shutting down and abandoning module AndroidPlatformEditor (516)
[2020.02.04-04.21.48:361][451]LogModuleManager: Shutting down and abandoning module AndroidDeviceDetection (515)
[2020.02.04-04.21.48:720][451]LogModuleManager: Shutting down and abandoning module WindowsPlatformEditor (512)
[2020.02.04-04.21.48:720][451]LogModuleManager: Shutting down and abandoning module LuminRuntimeSettings (510)
[2020.02.04-04.21.48:720][451]LogModuleManager: Shutting down and abandoning module IOSRuntimeSettings (508)
[2020.02.04-04.21.48:720][451]LogModuleManager: Shutting down and abandoning module AndroidRuntimeSettings (506)
[2020.02.04-04.21.48:720][451]LogModuleManager: Shutting down and abandoning module TimeManagementEditor (504)
[2020.02.04-04.21.48:720][451]LogModuleManager: Shutting down and abandoning module InputBindingEditor (502)
[2020.02.04-04.21.48:720][451]LogModuleManager: Shutting down and abandoning module MergeActors (500)
[2020.02.04-04.21.48:721][451]LogModuleManager: Shutting down and abandoning module LocalizationDashboard (498)
[2020.02.04-04.21.48:721][451]LogModuleManager: Shutting down and abandoning module LocalizationService (497)
[2020.02.04-04.21.48:721][451]LogModuleManager: Shutting down and abandoning module HardwareTargeting (494)
[2020.02.04-04.21.48:721][451]LogModuleManager: Shutting down and abandoning module DeviceProfileEditor (492)
[2020.02.04-04.21.48:721][451]LogModuleManager: Shutting down and abandoning module UndoHistory (490)
[2020.02.04-04.21.48:721][451]LogModuleManager: Shutting down and abandoning module XmlParser (488)
[2020.02.04-04.21.48:721][451]LogModuleManager: Shutting down and abandoning module Blutility (486)
[2020.02.04-04.21.48:721][451]LogModuleManager: Shutting down and abandoning module ProjectSettingsViewer (484)
[2020.02.04-04.21.48:721][451]LogModuleManager: Shutting down and abandoning module ProjectTargetPlatformEditor (483)
[2020.02.04-04.21.48:721][451]LogModuleManager: Shutting down and abandoning module EditorSettingsViewer (480)
[2020.02.04-04.21.48:721][451]LogModuleManager: Shutting down and abandoning module SettingsEditor (478)
[2020.02.04-04.21.48:721][451]LogModuleManager: Shutting down and abandoning module ProjectLauncher (476)
[2020.02.04-04.21.48:721][451]LogModuleManager: Shutting down and abandoning module SessionFrontend (474)
[2020.02.04-04.21.48:721][451]LogModuleManager: Shutting down and abandoning module ProfilerClient (472)
[2020.02.04-04.21.48:721][451]LogModuleManager: Shutting down and abandoning module DeviceManager (470)
[2020.02.04-04.21.48:721][451]LogModuleManager: Shutting down and abandoning module TargetDeviceServices (469)
[2020.02.04-04.21.48:776][451]LogModuleManager: Shutting down and abandoning module AutomationController (466)
[2020.02.04-04.21.48:776][451]LogModuleManager: Shutting down and abandoning module AutomationWindow (464)
[2020.02.04-04.21.48:776][451]LogModuleManager: Shutting down and abandoning module Layers (462)
[2020.02.04-04.21.48:776][451]LogModuleManager: Shutting down and abandoning module ComponentVisualizers (460)
[2020.02.04-04.21.48:776][451]LogModuleManager: Shutting down and abandoning module DetailCustomizations (458)
[2020.02.04-04.21.48:776][451]LogModuleManager: Shutting down and abandoning module PackagesDialog (456)
[2020.02.04-04.21.48:776][451]LogModuleManager: Shutting down and abandoning module AnimationBlueprintEditor (454)
[2020.02.04-04.21.48:776][451]LogModuleManager: Shutting down and abandoning module Persona (452)
[2020.02.04-04.21.48:776][451]LogModuleManager: Shutting down and abandoning module AdvancedPreviewScene (451)
[2020.02.04-04.21.48:776][451]LogModuleManager: Shutting down and abandoning module AnimGraph (449)
[2020.02.04-04.21.48:776][451]LogModuleManager: Shutting down and abandoning module Kismet (446)
[2020.02.04-04.21.48:776][451]LogModuleManager: Shutting down and abandoning module GraphEditor (444)
[2020.02.04-04.21.48:777][451]LogModuleManager: Shutting down and abandoning module ClassViewer (442)
[2020.02.04-04.21.48:777][451]LogModuleManager: Shutting down and abandoning module Toolbox (440)
[2020.02.04-04.21.48:777][451]LogModuleManager: Shutting down and abandoning module ModuleUI (438)
[2020.02.04-04.21.48:777][451]LogModuleManager: Shutting down and abandoning module MovieSceneTools (436)
[2020.02.04-04.21.48:777][451]LogModuleManager: Shutting down and abandoning module OutputLog (434)
[2020.02.04-04.21.48:777][451]LogModuleManager: Shutting down and abandoning module GammaUI (432)
[2020.02.04-04.21.48:777][451]LogModuleManager: Shutting down and abandoning module Documentation (430)
[2020.02.04-04.21.48:777][451]LogModuleManager: Shutting down and abandoning module LiveCoding (428)
[2020.02.04-04.21.48:777][451]LogModuleManager: Shutting down and abandoning module LevelSequence (426)
[2020.02.04-04.21.48:777][451]LogModuleManager: Shutting down and abandoning module MovieSceneTracks (424)
[2020.02.04-04.21.48:777][451]LogModuleManager: Shutting down and abandoning module MovieScene (422)
[2020.02.04-04.21.48:777][451]LogModuleManager: Shutting down and abandoning module StreamingPauseRendering (420)
[2020.02.04-04.21.48:777][451]LogModuleManager: Shutting down and abandoning module LauncherPlatform (418)
[2020.02.04-04.21.48:777][451]LogModuleManager: Shutting down and abandoning module AnalyticsET (416)
[2020.02.04-04.21.48:777][451]LogModuleManager: Shutting down and abandoning module PortalServices (414)
[2020.02.04-04.21.48:777][451]LogModuleManager: Shutting down and abandoning module PortalRpc (412)
[2020.02.04-04.21.48:777][451]LogModuleManager: Shutting down and abandoning module MessagingRpc (410)
[2020.02.04-04.21.48:777][451]LogModuleManager: Shutting down and abandoning module AIModule (408)
[2020.02.04-04.21.48:777][451]LogModuleManager: Shutting down and abandoning module GameplayDebugger (407)
[2020.02.04-04.21.48:777][451]LogModuleManager: Shutting down and abandoning module AITestSuite (405)
[2020.02.04-04.21.48:777][451]LogModuleManager: Shutting down and abandoning module NavigationSystem (403)
[2020.02.04-04.21.48:777][451]LogModuleManager: Shutting down and abandoning module DesktopPlatform (400)
[2020.02.04-04.21.48:777][451]LogModuleManager: Shutting down and abandoning module ImageWriteQueue (398)
[2020.02.04-04.21.48:780][451]LogModuleManager: Shutting down and abandoning module ProfilerService (396)
[2020.02.04-04.21.49:028][451]LogModuleManager: Shutting down and abandoning module TaskGraph (394)
[2020.02.04-04.21.49:028][451]LogModuleManager: Shutting down and abandoning module ProceduralMeshComponentEditor (392)
[2020.02.04-04.21.49:029][451]LogModuleManager: Shutting down and abandoning module ProceduralMeshComponent (390)
[2020.02.04-04.21.49:029][451]LogModuleManager: Shutting down and abandoning module MobilePatchingUtils (388)
[2020.02.04-04.21.49:029][451]LogModuleManager: Shutting down and abandoning module EditableMesh (386)
[2020.02.04-04.21.49:029][451]LogModuleManager: Shutting down and abandoning module CustomMeshComponent (384)
[2020.02.04-04.21.49:029][451]LogModuleManager: Shutting down and abandoning module CableComponent (382)
[2020.02.04-04.21.49:029][451]LogModuleManager: Shutting down and abandoning module AudioCapture (380)
[2020.02.04-04.21.49:029][451]LogModuleManager: Shutting down and abandoning module ArchVisCharacter (378)
[2020.02.04-04.21.49:029][451]LogModuleManager: Shutting down and abandoning module AndroidPermission (376)
[2020.02.04-04.21.49:029][451]LogModuleManager: Shutting down and abandoning module NUTUnrealEngine4 (374)
[2020.02.04-04.21.49:029][451]LogModuleManager: Shutting down and abandoning module NetcodeUnitTest (372)
[2020.02.04-04.21.49:029][451]LogModuleManager: Shutting down and abandoning module MediaCompositing (370)
[2020.02.04-04.21.49:029][451]LogModuleManager: Shutting down and abandoning module LinearTimecode (368)
[2020.02.04-04.21.49:029][451]LogModuleManager: Shutting down and abandoning module ImgMedia (366)
[2020.02.04-04.21.49:029][451]LogModuleManager: Shutting down and abandoning module MagicLeapHelperVulkan (364)
[2020.02.04-04.21.49:029][451]LogModuleManager: Shutting down and abandoning module MagicLeapHelperOpenGL (362)
[2020.02.04-04.21.49:029][451]LogModuleManager: Shutting down and abandoning module MagicLeapAudio (360)
[2020.02.04-04.21.49:029][451]LogModuleManager: Shutting down and abandoning module HTML5Networking (358)
[2020.02.04-04.21.49:029][451]LogModuleManager: Shutting down and abandoning module GeometryCacheTracks (356)
[2020.02.04-04.21.49:029][451]LogModuleManager: Shutting down and abandoning module GeometryCacheSequencer (354)
[2020.02.04-04.21.49:029][451]LogModuleManager: Shutting down and abandoning module BackChannel (352)
[2020.02.04-04.21.49:029][451]LogModuleManager: Shutting down and abandoning module AppleVision (350)
[2020.02.04-04.21.49:029][451]LogModuleManager: Shutting down and abandoning module AppleImageUtilsBlueprintSupport (348)
[2020.02.04-04.21.49:029][451]LogModuleManager: Shutting down and abandoning module AppleImageUtils (346)
[2020.02.04-04.21.49:029][451]LogModuleManager: Shutting down and abandoning module AlembicImporter (344)
[2020.02.04-04.21.49:029][451]LogModuleManager: Shutting down and abandoning module AlembicLibrary (343)
[2020.02.04-04.21.49:029][451]LogModuleManager: Shutting down and abandoning module GeometryCache (342)
[2020.02.04-04.21.49:029][451]LogModuleManager: Shutting down and abandoning module GeometryCacheEd (341)
[2020.02.04-04.21.49:029][451]LogModuleManager: Shutting down and abandoning module VariantManagerContent (336)
[2020.02.04-04.21.49:029][451]LogModuleManager: Shutting down and abandoning module DatasmithContentEditor (334)
[2020.02.04-04.21.49:029][451]LogModuleManager: Shutting down and abandoning module SpeedTreeImporter (332)
[2020.02.04-04.21.49:029][451]LogModuleManager: Shutting down and abandoning module PluginBrowser (330)
[2020.02.04-04.21.49:029][451]LogModuleManager: Shutting down and abandoning module MobileLauncherProfileWizard (328)
[2020.02.04-04.21.49:029][451]LogModuleManager: Shutting down and abandoning module MaterialAnalyzer (326)
[2020.02.04-04.21.49:029][451]LogModuleManager: Shutting down and abandoning module CryptoKeysOpenSSL (324)
[2020.02.04-04.21.49:029][451]LogModuleManager: Shutting down and abandoning module CryptoKeys (322)
[2020.02.04-04.21.49:029][451]LogModuleManager: Shutting down and abandoning module VisualStudioSourceCodeAccess (320)
[2020.02.04-04.21.49:029][451]LogModuleManager: Shutting down and abandoning module VisualStudioCodeSourceCodeAccess (318)
[2020.02.04-04.21.49:029][451]LogModuleManager: Shutting down and abandoning module UObjectPlugin (316)
[2020.02.04-04.21.49:029][451]LogModuleManager: Shutting down and abandoning module SubversionSourceControl (314)
[2020.02.04-04.21.49:029][451]LogModuleManager: Shutting down and abandoning module PerforceSourceControl (312)
[2020.02.04-04.21.49:029][451]LogModuleManager: Shutting down and abandoning module GitSourceControl (310)
[2020.02.04-04.21.49:030][451]LogModuleManager: Shutting down and abandoning module SourceControl (309)
[2020.02.04-04.21.49:030][451]LogModuleManager: Shutting down and abandoning module CLionSourceCodeAccess (306)
[2020.02.04-04.21.49:030][451]LogModuleManager: Shutting down and abandoning module AnimationSharingEd (304)
[2020.02.04-04.21.49:030][451]LogModuleManager: Shutting down and abandoning module ActorLayerUtilitiesEditor (302)
[2020.02.04-04.21.49:030][451]LogModuleManager: Shutting down and abandoning module ActorLayerUtilities (300)
[2020.02.04-04.21.49:030][451]LogModuleManager: Shutting down and abandoning module LightPropagationVolumeEditor (298)
[2020.02.04-04.21.49:030][451]LogModuleManager: Shutting down and abandoning module PaperTiledImporter (296)
[2020.02.04-04.21.49:030][451]LogModuleManager: Shutting down and abandoning module PaperSpriteSheetImporter (294)
[2020.02.04-04.21.49:030][451]LogModuleManager: Shutting down and abandoning module Paper2DEditor (292)
[2020.02.04-04.21.49:030][451]LogModuleManager: Shutting down and abandoning module SignificanceManager (290)
[2020.02.04-04.21.49:030][451]LogModuleManager: Shutting down and abandoning module RuntimePhysXCooking (288)
[2020.02.04-04.21.49:030][451]LogModuleManager: Shutting down and abandoning module PhysXVehiclesEditor (286)
[2020.02.04-04.21.49:030][451]LogModuleManager: Shutting down and abandoning module PhysXVehicles (284)
[2020.02.04-04.21.49:030][451]LogModuleManager: Shutting down and abandoning module LocationServicesBPLibrary (282)
[2020.02.04-04.21.49:030][451]LogModuleManager: Shutting down and abandoning module ActorSequence (280)
[2020.02.04-04.21.49:030][451]LogModuleManager: Shutting down and abandoning module UdpMessaging (278)
[2020.02.04-04.21.49:131][451]LogModuleManager: Shutting down and abandoning module TcpMessaging (276)
[2020.02.04-04.21.49:232][451]LogModuleManager: Shutting down and abandoning module MagicLeapIdentity (274)
[2020.02.04-04.21.49:232][451]LogModuleManager: Shutting down and abandoning module MagicLeapSecureStorage (272)
[2020.02.04-04.21.49:232][451]LogModuleManager: Shutting down and abandoning module MagicLeapHandTracking (270)
[2020.02.04-04.21.49:232][451]LogModuleManager: Shutting down and abandoning module MagicLeapEyeTracker (268)
[2020.02.04-04.21.49:232][451]LogModuleManager: Shutting down and abandoning module MagicLeapController (266)
[2020.02.04-04.21.49:232][451]LogSlate: Slate User Destroyed.  User Index 0, Is Virtual User: 0
[2020.02.04-04.21.49:232][451]LogModuleManager: Shutting down and abandoning module MagicLeapAR (264)
[2020.02.04-04.21.49:232][451]LogModuleManager: Shutting down and abandoning module AugmentedReality (263)
[2020.02.04-04.21.49:232][451]LogModuleManager: Shutting down and abandoning module GameplayTagsEditor (260)
[2020.02.04-04.21.49:232][451]LogModuleManager: Shutting down and abandoning module FacialAnimationEditor (258)
[2020.02.04-04.21.49:232][451]LogModuleManager: Shutting down and abandoning module FacialAnimation (256)
[2020.02.04-04.21.49:232][451]LogModuleManager: Shutting down and abandoning module DataValidation (254)
[2020.02.04-04.21.49:232][451]LogModuleManager: Shutting down and abandoning module AssetManagerEditor (252)
[2020.02.04-04.21.49:232][451]LogModuleManager: Shutting down and abandoning module LevelEditor (251)
[2020.02.04-04.21.49:233][451]LogModuleManager: Shutting down and abandoning module PixelInspectorModule (250)
[2020.02.04-04.21.49:233][451]LogModuleManager: Shutting down and abandoning module CommonMenuExtensions (248)
[2020.02.04-04.21.49:233][451]LogModuleManager: Shutting down and abandoning module MainFrame (246)
[2020.02.04-04.21.49:233][451]LogModuleManager: Shutting down and abandoning module HotReload (245)
[2020.02.04-04.21.49:234][451]LogModuleManager: Shutting down and abandoning module ContentBrowser (241)
[2020.02.04-04.21.49:235][451]LogModuleManager: Shutting down and abandoning module TreeMap (239)
[2020.02.04-04.21.49:235][451]LogModuleManager: Shutting down and abandoning module AnimationSharing (236)
[2020.02.04-04.21.49:235][451]LogModuleManager: Shutting down and abandoning module LightPropagationVolumeRuntime (234)
[2020.02.04-04.21.49:235][451]LogModuleManager: Shutting down and abandoning module AISupportModule (232)
[2020.02.04-04.21.49:235][451]LogModuleManager: Shutting down and abandoning module Paper2D (230)
[2020.02.04-04.21.49:235][451]LogModuleManager: Shutting down and abandoning module WindowsMoviePlayer (228)
[2020.02.04-04.21.49:235][451]LogModuleManager: Shutting down and abandoning module WebMMoviePlayer (226)
[2020.02.04-04.21.49:235][451]LogModuleManager: Shutting down and abandoning module PacketHandler (224)
[2020.02.04-04.21.49:235][451]LogModuleManager: Shutting down and abandoning module ClothingSystemEditor (222)
[2020.02.04-04.21.49:235][451]LogModuleManager: Shutting down and abandoning module ClothingSystemRuntime (220)
[2020.02.04-04.21.49:235][451]LogModuleManager: Shutting down and abandoning module MediaAssets (218)
[2020.02.04-04.21.49:235][451]LogModuleManager: Shutting down and abandoning module Overlay (216)
[2020.02.04-04.21.49:235][451]LogModuleManager: Shutting down and abandoning module OverlayEditor (215)
[2020.02.04-04.21.49:235][451]LogModuleManager: Shutting down and abandoning module VREditor (212)
[2020.02.04-04.21.49:235][451]LogModuleManager: Shutting down and abandoning module StringTableEditor (210)
[2020.02.04-04.21.49:235][451]LogModuleManager: Shutting down and abandoning module GameplayTasksEditor (208)
[2020.02.04-04.21.49:235][451]LogModuleManager: Shutting down and abandoning module BehaviorTreeEditor (206)
[2020.02.04-04.21.49:235][451]LogModuleManager: Shutting down and abandoning module FunctionalTesting (204)
[2020.02.04-04.21.49:236][451]LogModuleManager: Shutting down and abandoning module CollisionAnalyzer (202)
[2020.02.04-04.21.49:236][451]LogModuleManager: Shutting down and abandoning module WorkspaceMenuStructure (201)
[2020.02.04-04.21.49:236][451]LogModuleManager: Shutting down and abandoning module UMG (198)
[2020.02.04-04.21.49:236][451]LogModuleManager: Shutting down and abandoning module UMGEditor (197)
[2020.02.04-04.21.49:236][451]LogModuleManager: Shutting down and abandoning module Sequencer (196)
[2020.02.04-04.21.49:236][451]LogModuleManager: Shutting down and abandoning module MessageLog (193)
[2020.02.04-04.21.49:236][451]LogModuleManager: Shutting down and abandoning module SlateReflector (188)
[2020.02.04-04.21.49:236][451]LogModuleManager: Shutting down and abandoning module Slate (186)
[2020.02.04-04.21.49:236][451]LogModuleManager: Shutting down and abandoning module EditorStyle (184)
[2020.02.04-04.21.49:237][451]LogModuleManager: Shutting down and abandoning module UnrealEd (182)
[2020.02.04-04.21.49:237][451]LogModuleManager: Shutting down and abandoning module MRMesh (180)
[2020.02.04-04.21.49:237][451]LogModuleManager: Shutting down and abandoning module SourceCodeAccess (178)
[2020.02.04-04.21.49:237][451]LogModuleManager: Shutting down and abandoning module HeadMountedDisplay (176)
[2020.02.04-04.21.49:238][451]LogModuleManager: Shutting down and abandoning module XAudio2 (174)
[2020.02.04-04.21.49:238][451]LogModuleManager: Shutting down and abandoning module Networking (172)
[2020.02.04-04.21.49:238][451]LogModuleManager: Shutting down and abandoning module Core (170)
[2020.02.04-04.21.49:238][451]LogModuleManager: Shutting down and abandoning module KismetCompiler (168)
[2020.02.04-04.21.49:238][451]LogModuleManager: Shutting down and abandoning module MeshUtilities (166)
[2020.02.04-04.21.49:238][451]LogModuleManager: Shutting down and abandoning module MeshMergeUtilities (165)
[2020.02.04-04.21.49:238][451]LogModuleManager: Shutting down and abandoning module MeshReductionInterface (164)
[2020.02.04-04.21.49:238][451]LogModuleManager: Shutting down and abandoning module SkeletalMeshReduction (163)
[2020.02.04-04.21.49:238][451]LogModuleManager: Shutting down and abandoning module ProxyLODMeshReduction (161)
[2020.02.04-04.21.49:238][451]LogModuleManager: Shutting down and abandoning module QuadricMeshReduction (159)
[2020.02.04-04.21.49:238][451]LogModuleManager: Shutting down and abandoning module MaterialBaking (155)
[2020.02.04-04.21.49:238][451]LogModuleManager: Shutting down and abandoning module DerivedDataCache (150)
[2020.02.04-04.21.49:290][451]LogDerivedDataCache: Shutdown
[2020.02.04-04.21.49:290][451]LogModuleManager: Shutting down and abandoning module XGEController (148)
[2020.02.04-04.21.49:290][451]LogXGEController: Cleaning working directory: C:/Users/User/AppData/Local/Temp/UnrealXGEWorkingDir/
[2020.02.04-04.21.49:291][451]LogModuleManager: Shutting down and abandoning module TargetPlatform (146)
[2020.02.04-04.21.49:291][451]LogModuleManager: Shutting down and abandoning module VulkanShaderFormat (145)
[2020.02.04-04.21.49:291][451]LogModuleManager: Shutting down and abandoning module ShaderFormatVectorVM (143)
[2020.02.04-04.21.49:291][451]LogModuleManager: Shutting down and abandoning module ShaderFormatOpenGL (141)
[2020.02.04-04.21.49:291][451]LogModuleManager: Shutting down and abandoning module ShaderFormatD3D (139)
[2020.02.04-04.21.49:291][451]LogModuleManager: Shutting down and abandoning module MetalShaderFormat (137)
[2020.02.04-04.21.49:291][451]LogModuleManager: Shutting down and abandoning module TextureFormatUncompressed (135)
[2020.02.04-04.21.49:291][451]LogModuleManager: Shutting down and abandoning module TextureFormatPVR (133)
[2020.02.04-04.21.49:291][451]LogModuleManager: Shutting down and abandoning module TextureFormatDXT (131)
[2020.02.04-04.21.49:291][451]LogModuleManager: Shutting down and abandoning module TextureFormatIntelISPCTexComp (129)
[2020.02.04-04.21.49:291][451]LogModuleManager: Shutting down and abandoning module TextureFormatASTC (127)
[2020.02.04-04.21.49:291][451]LogModuleManager: Shutting down and abandoning module ImageWrapper (126)
[2020.02.04-04.21.49:291][451]LogModuleManager: Shutting down and abandoning module TextureFormatAndroid (123)
[2020.02.04-04.21.49:291][451]LogModuleManager: Shutting down and abandoning module AudioFormatOpus (121)
[2020.02.04-04.21.49:291][451]LogModuleManager: Shutting down and abandoning module AudioFormatOgg (119)
[2020.02.04-04.21.49:291][451]LogModuleManager: Shutting down and abandoning module AudioFormatADPCM (117)
[2020.02.04-04.21.49:291][451]LogModuleManager: Shutting down and abandoning module LuminTargetPlatform (115)
[2020.02.04-04.21.49:292][451]LogModuleManager: Shutting down and abandoning module LinuxTargetPlatform (113)
[2020.02.04-04.21.49:292][451]LogModuleManager: Shutting down and abandoning module LinuxServerTargetPlatform (111)
[2020.02.04-04.21.49:292][451]LogModuleManager: Shutting down and abandoning module LinuxNoEditorTargetPlatform (109)
[2020.02.04-04.21.49:292][451]LogModuleManager: Shutting down and abandoning module LinuxClientTargetPlatform (107)
[2020.02.04-04.21.49:292][451]LogModuleManager: Shutting down and abandoning module TVOSTargetPlatform (105)
[2020.02.04-04.21.49:293][451]LogModuleManager: Shutting down and abandoning module Messaging (103)
[2020.02.04-04.21.49:293][451]LogModuleManager: Shutting down and abandoning module IOSTargetPlatform (101)
[2020.02.04-04.21.49:294][451]LogModuleManager: Shutting down and abandoning module HTML5TargetPlatform (99)
[2020.02.04-04.21.49:294][451]LogModuleManager: Shutting down and abandoning module AndroidTargetPlatform (97)
[2020.02.04-04.21.49:303][451]LogModuleManager: Shutting down and abandoning module WindowsTargetPlatform (95)
[2020.02.04-04.21.49:303][451]LogModuleManager: Shutting down and abandoning module WindowsServerTargetPlatform (93)
[2020.02.04-04.21.49:303][451]LogModuleManager: Shutting down and abandoning module WindowsNoEditorTargetPlatform (91)
[2020.02.04-04.21.49:303][451]LogModuleManager: Shutting down and abandoning module WindowsClientTargetPlatform (89)
[2020.02.04-04.21.49:303][451]LogModuleManager: Shutting down and abandoning module MacTargetPlatform (87)
[2020.02.04-04.21.49:303][451]LogModuleManager: Shutting down and abandoning module MacServerTargetPlatform (85)
[2020.02.04-04.21.49:303][451]LogModuleManager: Shutting down and abandoning module MacNoEditorTargetPlatform (83)
[2020.02.04-04.21.49:303][451]LogModuleManager: Shutting down and abandoning module MacClientTargetPlatform (81)
[2020.02.04-04.21.49:303][451]LogModuleManager: Shutting down and abandoning module AllDesktopTargetPlatform (79)
[2020.02.04-04.21.49:303][451]LogModuleManager: Shutting down and abandoning module InputCore (76)
[2020.02.04-04.21.49:303][451]LogModuleManager: Shutting down and abandoning module Settings (74)
[2020.02.04-04.21.49:304][451]LogModuleManager: Shutting down and abandoning module DirectoryWatcher (72)
[2020.02.04-04.21.49:304][451]LogModuleManager: Shutting down and abandoning module PhysXCooking (70)
[2020.02.04-04.21.49:304][451]LogModuleManager: Shutting down and abandoning module ExampleDeviceProfileSelector (68)
[2020.02.04-04.21.49:304][451]LogModuleManager: Shutting down and abandoning module LauncherChunkInstaller (66)
[2020.02.04-04.21.49:304][451]LogModuleManager: Shutting down and abandoning module OnlineBlueprintSupport (64)
[2020.02.04-04.21.49:304][451]LogModuleManager: Shutting down and abandoning module OnlineSubsystem (60)
[2020.02.04-04.21.49:305][451]LogModuleManager: Shutting down and abandoning module XMPP (55)
[2020.02.04-04.21.49:305][451]LogModuleManager: Shutting down and abandoning module WebSockets (54)
[2020.02.04-04.21.49:340][451]LogModuleManager: Shutting down and abandoning module HTTP (51)
[2020.02.04-04.21.49:341][451]LogHttp: Display: Http module shutting down, but needs to wait on 1 outstanding Http requests:
[2020.02.04-04.21.49:341][451]LogHttp: Display: 	verb=[POST] url=[https://datarouter.ol.epicgames.com/datarouter/api/v1/public/data?SessionID=%7BFADCD359-4202-4057-30A8-5C9B3F3F1F0A%7D&AppID=UEEditor.Rocket.Release&AppVersion=4.22.3-7053642%2B%2B%2BUE4%2BRelease-4.22&UserID=d7aa73ee46146d079ed71db1858160c6%7Cee36b9fab03d4e0a87175e62c2dec20a%7Cfd256a2d-af7c-443c-a206-c67503f55697&AppEnvironment=datacollector-binary&UploadType=eteventstream] status=Processing
[2020.02.04-04.21.49:356][451]LogModuleManager: Shutting down and abandoning module SSL (50)
[2020.02.04-04.21.49:357][451]LogModuleManager: Shutting down and abandoning module WmfMedia (46)
[2020.02.04-04.21.49:359][451]LogModuleManager: Shutting down and abandoning module Media (45)
[2020.02.04-04.21.49:365][451]LogModuleManager: Shutting down and abandoning module MagicLeap (42)
[2020.02.04-04.21.49:366][451]LogModuleManager: Shutting down and abandoning module DatasmithContent (40)
[2020.02.04-04.21.49:366][451]LogModuleManager: Shutting down and abandoning module AnimationModifiers (38)
[2020.02.04-04.21.49:366][451]LogModuleManager: Shutting down and abandoning module PropertyEditor (37)
[2020.02.04-04.21.49:366][451]LogModuleManager: Shutting down and abandoning module AudioEditor (34)
[2020.02.04-04.21.49:366][451]LogModuleManager: Shutting down and abandoning module TextureCompressor (32)
[2020.02.04-04.21.49:367][451]LogModuleManager: Shutting down and abandoning module RenderCore (30)
[2020.02.04-04.21.49:367][451]LogModuleManager: Shutting down and abandoning module Landscape (28)
[2020.02.04-04.21.49:367][451]LogModuleManager: Shutting down and abandoning module SlateRHIRenderer (26)
[2020.02.04-04.21.49:367][451]LogModuleManager: Shutting down and abandoning module OpenGLDrv (24)
[2020.02.04-04.21.49:367][451]LogModuleManager: Shutting down and abandoning module D3D11RHI (22)
[2020.02.04-04.21.49:367][451]LogModuleManager: Shutting down and abandoning module AnimGraphRuntime (20)
[2020.02.04-04.21.49:367][451]LogModuleManager: Shutting down and abandoning module Renderer (18)
[2020.02.04-04.21.49:367][451]LogModuleManager: Shutting down and abandoning module Engine (16)
[2020.02.04-04.21.49:367][451]LogModuleManager: Shutting down and abandoning module CoreUObject (14)
[2020.02.04-04.21.49:367][451]LogModuleManager: Shutting down and abandoning module NetworkFile (12)
[2020.02.04-04.21.49:367][451]LogModuleManager: Shutting down and abandoning module CookedIterativeFile (10)
[2020.02.04-04.21.49:367][451]LogModuleManager: Shutting down and abandoning module StreamingFile (8)
[2020.02.04-04.21.49:367][451]LogModuleManager: Shutting down and abandoning module SandboxFile (6)
[2020.02.04-04.21.49:367][451]LogModuleManager: Shutting down and abandoning module PakFile (4)
[2020.02.04-04.21.49:367][451]LogModuleManager: Shutting down and abandoning module RSA (3)
[2020.02.04-04.21.49:373][451]LogExit: Exiting.
[2020.02.04-04.21.49:380][451]Log file closed, 02/03/20 23:21:49
